{"meta": {"format": 3, "version": "7.11.3", "timestamp": "2025-11-18T07:31:47.823073", "branch_coverage": false, "show_contexts": false}, "files": {"src/medusa/__init__.py": {"executed_lines": [1, 10, 11, 12, 14, 16], "summary": {"covered_lines": 5, "num_statements": 5, "percent_covered": 100.0, "percent_covered_display": "100", "missing_lines": 0, "excluded_lines": 0}, "missing_lines": [], "excluded_lines": [], "functions": {"": {"executed_lines": [1, 10, 11, 12, 14, 16], "summary": {"covered_lines": 5, "num_statements": 5, "percent_covered": 100.0, "percent_covered_display": "100", "missing_lines": 0, "excluded_lines": 0}, "missing_lines": [], "excluded_lines": []}}, "classes": {"": {"executed_lines": [1, 10, 11, 12, 14, 16], "summary": {"covered_lines": 5, "num_statements": 5, "percent_covered": 100.0, "percent_covered_display": "100", "missing_lines": 0, "excluded_lines": 0}, "missing_lines": [], "excluded_lines": []}}}, "src/medusa/api/__init__.py": {"executed_lines": [1, 8, 16], "summary": {"covered_lines": 2, "num_statements": 2, "percent_covered": 100.0, "percent_covered_display": "100", "missing_lines": 0, "excluded_lines": 0}, "missing_lines": [], "excluded_lines": [], "functions": {"": {"executed_lines": [1, 8, 16], "summary": {"covered_lines": 2, "num_statements": 2, "percent_covered": 100.0, "percent_covered_display": "100", "missing_lines": 0, "excluded_lines": 0}, "missing_lines": [], "excluded_lines": []}}, "classes": {"": {"executed_lines": [1, 8, 16], "summary": {"covered_lines": 2, "num_statements": 2, "percent_covered": 100.0, "percent_covered_display": "100", "missing_lines": 0, "excluded_lines": 0}, "missing_lines": [], "excluded_lines": []}}}, "src/medusa/api/graph_api.py": {"executed_lines": [1, 12, 13, 14, 15, 16, 17, 19, 20, 21, 22, 23, 25, 26, 30, 34, 41, 42, 45, 46, 47, 48, 51, 52, 55, 56, 59, 60, 63, 64, 67, 68, 75, 76, 77, 78, 81, 82, 83, 84, 85, 86, 89, 90, 91, 92, 95, 96, 97, 98, 99, 100, 101, 102, 105, 106, 107, 108, 109, 110, 111, 118, 119, 125, 341, 342, 353, 356, 357, 358, 359, 362, 380, 381, 382, 383, 384, 386, 387, 389, 390, 392, 399, 400, 404, 416, 422, 423, 433, 436, 437, 438, 441, 442, 445, 446, 448, 450, 451, 462, 463, 464, 466, 469, 470, 471, 473, 480, 481, 483, 484, 485, 486, 488, 498, 499, 502, 508, 509, 512, 513, 515, 517, 518, 520, 525, 537, 547, 548, 551, 554, 560, 566, 568, 569, 570, 573, 574, 575, 576, 581, 582, 584, 586, 587, 588, 589, 591, 599, 600, 602, 603, 605, 606, 608, 610, 611, 613, 616, 617, 618, 619, 620, 622, 628, 629, 638, 639, 651, 652, 659, 661, 670, 671, 672, 674, 676, 683, 684, 686, 687, 688, 689, 702, 704, 706, 707, 708, 709, 714, 720, 721, 722, 723, 729, 730, 731, 732, 779, 780, 781, 782, 795, 797, 799, 800, 801, 802, 807, 813, 814, 815, 816, 822, 824, 826, 827, 833, 836, 860, 867, 869, 870, 871, 884, 885, 886, 893, 894, 900, 901, 902, 903, 916, 918, 920, 921, 928, 934, 935, 937, 938, 944, 945, 946, 947, 998, 1005, 1025], "summary": {"covered_lines": 239, "num_statements": 308, "percent_covered": 77.59740259740259, "percent_covered_display": "78", "missing_lines": 69, "excluded_lines": 0}, "missing_lines": [571, 592, 593, 631, 632, 641, 642, 668, 669, 715, 738, 744, 745, 747, 749, 755, 756, 758, 759, 760, 765, 766, 767, 772, 773, 774, 808, 842, 845, 847, 849, 857, 858, 861, 862, 875, 877, 878, 879, 922, 923, 929, 953, 959, 962, 964, 966, 974, 975, 977, 978, 979, 984, 985, 986, 991, 992, 993, 1007, 1009, 1010, 1011, 1012, 1013, 1014, 1015, 1016, 1018, 1026], "excluded_lines": [], "functions": {"QueryTranslator.translate": {"executed_lines": [353, 356, 357, 358, 359, 362, 380, 381, 382, 383, 384, 386, 387], "summary": {"covered_lines": 13, "num_statements": 13, "percent_covered": 100.0, "percent_covered_display": "100", "missing_lines": 0, "excluded_lines": 0}, "missing_lines": [], "excluded_lines": []}, "QueryTranslator.list_available_patterns": {"executed_lines": [392], "summary": {"covered_lines": 1, "num_statements": 1, "percent_covered": 100.0, "percent_covered_display": "100", "missing_lines": 0, "excluded_lines": 0}, "missing_lines": [], "excluded_lines": []}, "QueryValidator.is_safe": {"executed_lines": [433, 436, 437, 438, 441, 442, 445, 446, 448], "summary": {"covered_lines": 9, "num_statements": 9, "percent_covered": 100.0, "percent_covered_display": "100", "missing_lines": 0, "excluded_lines": 0}, "missing_lines": [], "excluded_lines": []}, "QueryValidator.validate_write_query": {"executed_lines": [462, 463, 464, 466, 469, 470, 471, 473], "summary": {"covered_lines": 8, "num_statements": 8, "percent_covered": 100.0, "percent_covered_display": "100", "missing_lines": 0, "excluded_lines": 0}, "missing_lines": [], "excluded_lines": []}, "RateLimiter.__init__": {"executed_lines": [484, 485, 486], "summary": {"covered_lines": 3, "num_statements": 3, "percent_covered": 100.0, "percent_covered_display": "100", "missing_lines": 0, "excluded_lines": 0}, "missing_lines": [], "excluded_lines": []}, "RateLimiter.is_allowed": {"executed_lines": [498, 499, 502, 508, 509, 512, 513], "summary": {"covered_lines": 7, "num_statements": 7, "percent_covered": 100.0, "percent_covered_display": "100", "missing_lines": 0, "excluded_lines": 0}, "missing_lines": [], "excluded_lines": []}, "RateLimiter.get_stats": {"executed_lines": [517, 518, 520, 525], "summary": {"covered_lines": 4, "num_statements": 4, "percent_covered": 100.0, "percent_covered_display": "100", "missing_lines": 0, "excluded_lines": 0}, "missing_lines": [], "excluded_lines": []}, "create_app": {"executed_lines": [547, 548, 551, 554, 560, 566, 584, 605, 606, 610, 611, 628, 629, 638, 639, 651, 652, 686, 687, 688, 689, 779, 780, 781, 782, 884, 885, 886, 900, 901, 902, 903, 998], "summary": {"covered_lines": 33, "num_statements": 33, "percent_covered": 100.0, "percent_covered_display": "100", "missing_lines": 0, "excluded_lines": 0}, "missing_lines": [], "excluded_lines": []}, "create_app.require_auth": {"executed_lines": [568, 569, 582], "summary": {"covered_lines": 3, "num_statements": 3, "percent_covered": 100.0, "percent_covered_display": "100", "missing_lines": 0, "excluded_lines": 0}, "missing_lines": [], "excluded_lines": []}, "create_app.require_auth.decorated_function": {"executed_lines": [570, 573, 574, 575, 576, 581], "summary": {"covered_lines": 6, "num_statements": 7, "percent_covered": 85.71428571428571, "percent_covered_display": "86", "missing_lines": 1, "excluded_lines": 0}, "missing_lines": [571], "excluded_lines": []}, "create_app.check_rate_limit": {"executed_lines": [586, 587, 603], "summary": {"covered_lines": 3, "num_statements": 3, "percent_covered": 100.0, "percent_covered_display": "100", "missing_lines": 0, "excluded_lines": 0}, "missing_lines": [], "excluded_lines": []}, "create_app.check_rate_limit.decorated_function": {"executed_lines": [588, 589, 591, 599, 600, 602], "summary": {"covered_lines": 6, "num_statements": 8, "percent_covered": 75.0, "percent_covered_display": "75", "missing_lines": 2, "excluded_lines": 0}, "missing_lines": [592, 593], "excluded_lines": []}, "create_app.log_request": {"executed_lines": [608], "summary": {"covered_lines": 1, "num_statements": 1, "percent_covered": 100.0, "percent_covered_display": "100", "missing_lines": 0, "excluded_lines": 0}, "missing_lines": [], "excluded_lines": []}, "create_app.add_headers": {"executed_lines": [613, 616, 617, 618, 619, 620, 622], "summary": {"covered_lines": 7, "num_statements": 7, "percent_covered": 100.0, "percent_covered_display": "100", "missing_lines": 0, "excluded_lines": 0}, "missing_lines": [], "excluded_lines": []}, "create_app.handle_validation_error": {"executed_lines": [], "summary": {"covered_lines": 0, "num_statements": 2, "percent_covered": 0.0, "percent_covered_display": "0", "missing_lines": 2, "excluded_lines": 0}, "missing_lines": [631, 632], "excluded_lines": []}, "create_app.handle_generic_error": {"executed_lines": [], "summary": {"covered_lines": 0, "num_statements": 2, "percent_covered": 0.0, "percent_covered_display": "0", "missing_lines": 2, "excluded_lines": 0}, "missing_lines": [641, 642], "excluded_lines": []}, "create_app.health_check": {"executed_lines": [659, 661, 670, 671, 672, 674, 676, 683, 684], "summary": {"covered_lines": 9, "num_statements": 11, "percent_covered": 81.81818181818181, "percent_covered_display": "82", "missing_lines": 2, "excluded_lines": 0}, "missing_lines": [668, 669], "excluded_lines": []}, "create_app.update_graph": {"executed_lines": [702, 704, 706, 707, 708, 709, 714, 720, 721, 722, 723, 729, 730, 731, 732], "summary": {"covered_lines": 15, "num_statements": 32, "percent_covered": 46.875, "percent_covered_display": "47", "missing_lines": 17, "excluded_lines": 0}, "missing_lines": [715, 738, 744, 745, 747, 749, 755, 756, 758, 759, 760, 765, 766, 767, 772, 773, 774], "excluded_lines": []}, "create_app.query_graph": {"executed_lines": [795, 797, 799, 800, 801, 802, 807, 813, 814, 815, 816, 822, 824, 826, 827, 833, 836, 860, 867, 869, 870, 871], "summary": {"covered_lines": 22, "num_statements": 35, "percent_covered": 62.857142857142854, "percent_covered_display": "63", "missing_lines": 13, "excluded_lines": 0}, "missing_lines": [808, 842, 845, 847, 849, 857, 858, 861, 862, 875, 877, 878, 879], "excluded_lines": []}, "create_app.list_patterns": {"executed_lines": [893, 894], "summary": {"covered_lines": 2, "num_statements": 2, "percent_covered": 100.0, "percent_covered_display": "100", "missing_lines": 0, "excluded_lines": 0}, "missing_lines": [], "excluded_lines": []}, "create_app.direct_query": {"executed_lines": [916, 918, 920, 921, 928, 934, 935, 937, 938, 944, 945, 946, 947], "summary": {"covered_lines": 13, "num_statements": 32, "percent_covered": 40.625, "percent_covered_display": "41", "missing_lines": 19, "excluded_lines": 0}, "missing_lines": [922, 923, 929, 953, 959, 962, 964, 966, 974, 975, 977, 978, 979, 984, 985, 986, 991, 992, 993], "excluded_lines": []}, "main": {"executed_lines": [], "summary": {"covered_lines": 0, "num_statements": 10, "percent_covered": 0.0, "percent_covered_display": "0", "missing_lines": 10, "excluded_lines": 0}, "missing_lines": [1007, 1009, 1010, 1011, 1012, 1013, 1014, 1015, 1016, 1018], "excluded_lines": []}, "": {"executed_lines": [1, 12, 13, 14, 15, 16, 17, 19, 20, 21, 22, 23, 25, 26, 30, 34, 41, 42, 45, 46, 47, 48, 51, 52, 55, 56, 59, 60, 63, 64, 67, 68, 75, 76, 77, 78, 81, 82, 83, 84, 85, 86, 89, 90, 91, 92, 95, 96, 97, 98, 99, 100, 101, 102, 105, 106, 107, 108, 109, 110, 111, 118, 119, 125, 341, 342, 389, 390, 399, 400, 404, 416, 422, 423, 450, 451, 480, 481, 483, 488, 515, 537, 1005, 1025], "summary": {"covered_lines": 74, "num_statements": 75, "percent_covered": 98.66666666666667, "percent_covered_display": "99", "missing_lines": 1, "excluded_lines": 0}, "missing_lines": [1026], "excluded_lines": []}}, "classes": {"APIConfig": {"executed_lines": [], "summary": {"covered_lines": 0, "num_statements": 0, "percent_covered": 100.0, "percent_covered_display": "100", "missing_lines": 0, "excluded_lines": 0}, "missing_lines": [], "excluded_lines": []}, "UpdateRequest": {"executed_lines": [], "summary": {"covered_lines": 0, "num_statements": 0, "percent_covered": 100.0, "percent_covered_display": "100", "missing_lines": 0, "excluded_lines": 0}, "missing_lines": [], "excluded_lines": []}, "UpdateResponse": {"executed_lines": [], "summary": {"covered_lines": 0, "num_statements": 0, "percent_covered": 100.0, "percent_covered_display": "100", "missing_lines": 0, "excluded_lines": 0}, "missing_lines": [], "excluded_lines": []}, "QueryRequest": {"executed_lines": [], "summary": {"covered_lines": 0, "num_statements": 0, "percent_covered": 100.0, "percent_covered_display": "100", "missing_lines": 0, "excluded_lines": 0}, "missing_lines": [], "excluded_lines": []}, "QueryResponse": {"executed_lines": [], "summary": {"covered_lines": 0, "num_statements": 0, "percent_covered": 100.0, "percent_covered_display": "100", "missing_lines": 0, "excluded_lines": 0}, "missing_lines": [], "excluded_lines": []}, "HealthResponse": {"executed_lines": [], "summary": {"covered_lines": 0, "num_statements": 0, "percent_covered": 100.0, "percent_covered_display": "100", "missing_lines": 0, "excluded_lines": 0}, "missing_lines": [], "excluded_lines": []}, "QueryTranslator": {"executed_lines": [353, 356, 357, 358, 359, 362, 380, 381, 382, 383, 384, 386, 387, 392], "summary": {"covered_lines": 14, "num_statements": 14, "percent_covered": 100.0, "percent_covered_display": "100", "missing_lines": 0, "excluded_lines": 0}, "missing_lines": [], "excluded_lines": []}, "QueryValidator": {"executed_lines": [433, 436, 437, 438, 441, 442, 445, 446, 448, 462, 463, 464, 466, 469, 470, 471, 473], "summary": {"covered_lines": 17, "num_statements": 17, "percent_covered": 100.0, "percent_covered_display": "100", "missing_lines": 0, "excluded_lines": 0}, "missing_lines": [], "excluded_lines": []}, "RateLimiter": {"executed_lines": [484, 485, 486, 498, 499, 502, 508, 509, 512, 513, 517, 518, 520, 525], "summary": {"covered_lines": 14, "num_statements": 14, "percent_covered": 100.0, "percent_covered_display": "100", "missing_lines": 0, "excluded_lines": 0}, "missing_lines": [], "excluded_lines": []}, "": {"executed_lines": [1, 12, 13, 14, 15, 16, 17, 19, 20, 21, 22, 23, 25, 26, 30, 34, 41, 42, 45, 46, 47, 48, 51, 52, 55, 56, 59, 60, 63, 64, 67, 68, 75, 76, 77, 78, 81, 82, 83, 84, 85, 86, 89, 90, 91, 92, 95, 96, 97, 98, 99, 100, 101, 102, 105, 106, 107, 108, 109, 110, 111, 118, 119, 125, 341, 342, 389, 390, 399, 400, 404, 416, 422, 423, 450, 451, 480, 481, 483, 488, 515, 537, 547, 548, 551, 554, 560, 566, 568, 569, 570, 573, 574, 575, 576, 581, 582, 584, 586, 587, 588, 589, 591, 599, 600, 602, 603, 605, 606, 608, 610, 611, 613, 616, 617, 618, 619, 620, 622, 628, 629, 638, 639, 651, 652, 659, 661, 670, 671, 672, 674, 676, 683, 684, 686, 687, 688, 689, 702, 704, 706, 707, 708, 709, 714, 720, 721, 722, 723, 729, 730, 731, 732, 779, 780, 781, 782, 795, 797, 799, 800, 801, 802, 807, 813, 814, 815, 816, 822, 824, 826, 827, 833, 836, 860, 867, 869, 870, 871, 884, 885, 886, 893, 894, 900, 901, 902, 903, 916, 918, 920, 921, 928, 934, 935, 937, 938, 944, 945, 946, 947, 998, 1005, 1025], "summary": {"covered_lines": 194, "num_statements": 263, "percent_covered": 73.76425855513308, "percent_covered_display": "74", "missing_lines": 69, "excluded_lines": 0}, "missing_lines": [571, 592, 593, 631, 632, 641, 642, 668, 669, 715, 738, 744, 745, 747, 749, 755, 756, 758, 759, 760, 765, 766, 767, 772, 773, 774, 808, 842, 845, 847, 849, 857, 858, 861, 862, 875, 877, 878, 879, 922, 923, 929, 953, 959, 962, 964, 966, 974, 975, 977, 978, 979, 984, 985, 986, 991, 992, 993, 1007, 1009, 1010, 1011, 1012, 1013, 1014, 1015, 1016, 1018, 1026], "excluded_lines": []}}}, "src/medusa/approval.py": {"executed_lines": [1, 6, 7, 8, 9, 10, 11, 12, 14, 17, 18, 20, 21, 22, 23, 26, 27, 28, 30, 31, 32, 33, 34, 35, 36, 37, 40, 41, 43, 44, 45, 46, 48, 50, 51, 53, 55, 56, 57, 58, 59, 60, 62, 64, 69, 70, 73, 74, 77, 80, 83, 85, 86, 87, 88, 89, 90, 91, 92, 93, 94, 95, 96, 97, 98, 99, 100, 101, 106, 109, 110, 111, 112, 113, 114, 115, 116, 117, 122, 123, 124, 127, 134, 135, 137, 138, 140, 141, 143, 144, 146, 148, 149, 158, 161, 162, 163, 164, 165, 166, 167, 168, 169, 170, 174, 176, 177, 179, 181, 185], "summary": {"covered_lines": 106, "num_statements": 122, "percent_covered": 86.88524590163935, "percent_covered_display": "87", "missing_lines": 16, "excluded_lines": 0}, "missing_lines": [104, 118, 119, 120, 172, 186, 189, 200, 211, 223, 225, 226, 228, 229, 231, 232], "excluded_lines": [], "functions": {"ApprovalGate.__init__": {"executed_lines": [44, 45, 46], "summary": {"covered_lines": 3, "num_statements": 3, "percent_covered": 100.0, "percent_covered_display": "100", "missing_lines": 0, "excluded_lines": 0}, "missing_lines": [], "excluded_lines": []}, "ApprovalGate.should_auto_approve": {"executed_lines": [50, 51, 53, 55, 56, 57, 58, 59, 60, 62], "summary": {"covered_lines": 10, "num_statements": 10, "percent_covered": 100.0, "percent_covered_display": "100", "missing_lines": 0, "excluded_lines": 0}, "missing_lines": [], "excluded_lines": []}, "ApprovalGate.request_approval": {"executed_lines": [69, 70, 73, 74, 77, 80, 83, 85, 86, 87, 88, 89, 90, 91, 92, 93, 94, 95, 96, 97, 98, 99, 100, 101], "summary": {"covered_lines": 24, "num_statements": 25, "percent_covered": 96.0, "percent_covered_display": "96", "missing_lines": 1, "excluded_lines": 0}, "missing_lines": [104], "excluded_lines": []}, "ApprovalGate._display_approval_prompt": {"executed_lines": [109, 110, 111, 112, 113, 114, 115, 116, 117, 122, 123, 124, 127, 134, 135, 137, 138, 140, 141, 143, 144], "summary": {"covered_lines": 21, "num_statements": 24, "percent_covered": 87.5, "percent_covered_display": "88", "missing_lines": 3, "excluded_lines": 0}, "missing_lines": [118, 119, 120], "excluded_lines": []}, "ApprovalGate._get_user_choice": {"executed_lines": [148, 149, 158, 161, 162, 163, 164, 165, 166, 167, 168, 169, 170], "summary": {"covered_lines": 13, "num_statements": 14, "percent_covered": 92.85714285714286, "percent_covered_display": "93", "missing_lines": 1, "excluded_lines": 0}, "missing_lines": [172], "excluded_lines": []}, "ApprovalGate.reset": {"executed_lines": [176, 177], "summary": {"covered_lines": 2, "num_statements": 2, "percent_covered": 100.0, "percent_covered_display": "100", "missing_lines": 0, "excluded_lines": 0}, "missing_lines": [], "excluded_lines": []}, "ApprovalGate.is_aborted": {"executed_lines": [181], "summary": {"covered_lines": 1, "num_statements": 1, "percent_covered": 100.0, "percent_covered_display": "100", "missing_lines": 0, "excluded_lines": 0}, "missing_lines": [], "excluded_lines": []}, "": {"executed_lines": [1, 6, 7, 8, 9, 10, 11, 12, 14, 17, 18, 20, 21, 22, 23, 26, 27, 28, 30, 31, 32, 33, 34, 35, 36, 37, 40, 41, 43, 48, 64, 106, 146, 174, 179, 185], "summary": {"covered_lines": 32, "num_statements": 43, "percent_covered": 74.4186046511628, "percent_covered_display": "74", "missing_lines": 11, "excluded_lines": 0}, "missing_lines": [186, 189, 200, 211, 223, 225, 226, 228, 229, 231, 232], "excluded_lines": []}}, "classes": {"RiskLevel": {"executed_lines": [], "summary": {"covered_lines": 0, "num_statements": 0, "percent_covered": 100.0, "percent_covered_display": "100", "missing_lines": 0, "excluded_lines": 0}, "missing_lines": [], "excluded_lines": []}, "Action": {"executed_lines": [], "summary": {"covered_lines": 0, "num_statements": 0, "percent_covered": 100.0, "percent_covered_display": "100", "missing_lines": 0, "excluded_lines": 0}, "missing_lines": [], "excluded_lines": []}, "ApprovalGate": {"executed_lines": [44, 45, 46, 50, 51, 53, 55, 56, 57, 58, 59, 60, 62, 69, 70, 73, 74, 77, 80, 83, 85, 86, 87, 88, 89, 90, 91, 92, 93, 94, 95, 96, 97, 98, 99, 100, 101, 109, 110, 111, 112, 113, 114, 115, 116, 117, 122, 123, 124, 127, 134, 135, 137, 138, 140, 141, 143, 144, 148, 149, 158, 161, 162, 163, 164, 165, 166, 167, 168, 169, 170, 176, 177, 181], "summary": {"covered_lines": 74, "num_statements": 79, "percent_covered": 93.67088607594937, "percent_covered_display": "94", "missing_lines": 5, "excluded_lines": 0}, "missing_lines": [104, 118, 119, 120, 172], "excluded_lines": []}, "": {"executed_lines": [1, 6, 7, 8, 9, 10, 11, 12, 14, 17, 18, 20, 21, 22, 23, 26, 27, 28, 30, 31, 32, 33, 34, 35, 36, 37, 40, 41, 43, 48, 64, 106, 146, 174, 179, 185], "summary": {"covered_lines": 32, "num_statements": 43, "percent_covered": 74.4186046511628, "percent_covered_display": "74", "missing_lines": 11, "excluded_lines": 0}, "missing_lines": [186, 189, 200, 211, 223, 225, 226, 228, 229, 231, 232], "excluded_lines": []}}}, "src/medusa/checkpoint.py": {"executed_lines": [1, 6, 7, 8, 9, 10, 11, 13, 16, 17, 19, 34, 63, 84, 88, 94, 95, 133, 134, 136, 153, 159, 168, 172, 176, 180, 194, 195, 209, 210, 212, 232, 238, 245, 249, 253, 258, 276, 277], "summary": {"covered_lines": 35, "num_statements": 138, "percent_covered": 25.36231884057971, "percent_covered_display": "25", "missing_lines": 103, "excluded_lines": 0}, "missing_lines": [27, 28, 29, 32, 44, 46, 53, 54, 56, 57, 59, 60, 61, 70, 71, 73, 74, 75, 77, 78, 80, 81, 82, 86, 90, 91, 92, 105, 107, 108, 110, 111, 112, 113, 114, 115, 117, 118, 126, 127, 128, 130, 143, 144, 145, 146, 147, 148, 149, 150, 151, 155, 156, 157, 161, 162, 163, 170, 174, 178, 182, 197, 198, 199, 200, 201, 202, 203, 204, 205, 206, 221, 222, 223, 224, 225, 226, 227, 228, 229, 230, 234, 235, 236, 240, 241, 242, 243, 247, 251, 255, 256, 260, 279, 284, 285, 286, 289, 290, 292, 293, 294, 296], "excluded_lines": [], "functions": {"CheckpointManager.__init__": {"executed_lines": [], "summary": {"covered_lines": 0, "num_statements": 4, "percent_covered": 0.0, "percent_covered_display": "0", "missing_lines": 4, "excluded_lines": 0}, "missing_lines": [27, 28, 29, 32], "excluded_lines": []}, "CheckpointManager.save": {"executed_lines": [], "summary": {"covered_lines": 0, "num_statements": 9, "percent_covered": 0.0, "percent_covered_display": "0", "missing_lines": 9, "excluded_lines": 0}, "missing_lines": [44, 46, 53, 54, 56, 57, 59, 60, 61], "excluded_lines": []}, "CheckpointManager.load": {"executed_lines": [], "summary": {"covered_lines": 0, "num_statements": 10, "percent_covered": 0.0, "percent_covered_display": "0", "missing_lines": 10, "excluded_lines": 0}, "missing_lines": [70, 71, 73, 74, 75, 77, 78, 80, 81, 82], "excluded_lines": []}, "CheckpointManager.exists": {"executed_lines": [], "summary": {"covered_lines": 0, "num_statements": 1, "percent_covered": 0.0, "percent_covered_display": "0", "missing_lines": 1, "excluded_lines": 0}, "missing_lines": [86], "excluded_lines": []}, "CheckpointManager.delete": {"executed_lines": [], "summary": {"covered_lines": 0, "num_statements": 3, "percent_covered": 0.0, "percent_covered_display": "0", "missing_lines": 3, "excluded_lines": 0}, "missing_lines": [90, 91, 92], "excluded_lines": []}, "CheckpointManager.list_checkpoints": {"executed_lines": [], "summary": {"covered_lines": 0, "num_statements": 15, "percent_covered": 0.0, "percent_covered_display": "0", "missing_lines": 15, "excluded_lines": 0}, "missing_lines": [105, 107, 108, 110, 111, 112, 113, 114, 115, 117, 118, 126, 127, 128, 130], "excluded_lines": []}, "PhaseCheckpoint.__init__": {"executed_lines": [], "summary": {"covered_lines": 0, "num_statements": 9, "percent_covered": 0.0, "percent_covered_display": "0", "missing_lines": 9, "excluded_lines": 0}, "missing_lines": [143, 144, 145, 146, 147, 148, 149, 150, 151], "excluded_lines": []}, "PhaseCheckpoint.mark_complete": {"executed_lines": [], "summary": {"covered_lines": 0, "num_statements": 3, "percent_covered": 0.0, "percent_covered_display": "0", "missing_lines": 3, "excluded_lines": 0}, "missing_lines": [155, 156, 157], "excluded_lines": []}, "PhaseCheckpoint.mark_failed": {"executed_lines": [], "summary": {"covered_lines": 0, "num_statements": 3, "percent_covered": 0.0, "percent_covered_display": "0", "missing_lines": 3, "excluded_lines": 0}, "missing_lines": [161, 162, 163], "excluded_lines": []}, "PhaseCheckpoint.add_finding": {"executed_lines": [], "summary": {"covered_lines": 0, "num_statements": 1, "percent_covered": 0.0, "percent_covered_display": "0", "missing_lines": 1, "excluded_lines": 0}, "missing_lines": [170], "excluded_lines": []}, "PhaseCheckpoint.add_technique": {"executed_lines": [], "summary": {"covered_lines": 0, "num_statements": 1, "percent_covered": 0.0, "percent_covered_display": "0", "missing_lines": 1, "excluded_lines": 0}, "missing_lines": [174], "excluded_lines": []}, "PhaseCheckpoint.set_progress": {"executed_lines": [], "summary": {"covered_lines": 0, "num_statements": 1, "percent_covered": 0.0, "percent_covered_display": "0", "missing_lines": 1, "excluded_lines": 0}, "missing_lines": [178], "excluded_lines": []}, "PhaseCheckpoint.to_dict": {"executed_lines": [], "summary": {"covered_lines": 0, "num_statements": 1, "percent_covered": 0.0, "percent_covered_display": "0", "missing_lines": 1, "excluded_lines": 0}, "missing_lines": [182], "excluded_lines": []}, "PhaseCheckpoint.from_dict": {"executed_lines": [], "summary": {"covered_lines": 0, "num_statements": 10, "percent_covered": 0.0, "percent_covered_display": "0", "missing_lines": 10, "excluded_lines": 0}, "missing_lines": [197, 198, 199, 200, 201, 202, 203, 204, 205, 206], "excluded_lines": []}, "OperationCheckpoint.__init__": {"executed_lines": [], "summary": {"covered_lines": 0, "num_statements": 10, "percent_covered": 0.0, "percent_covered_display": "0", "missing_lines": 10, "excluded_lines": 0}, "missing_lines": [221, 222, 223, 224, 225, 226, 227, 228, 229, 230], "excluded_lines": []}, "OperationCheckpoint.start_phase": {"executed_lines": [], "summary": {"covered_lines": 0, "num_statements": 3, "percent_covered": 0.0, "percent_covered_display": "0", "missing_lines": 3, "excluded_lines": 0}, "missing_lines": [234, 235, 236], "excluded_lines": []}, "OperationCheckpoint.complete_phase": {"executed_lines": [], "summary": {"covered_lines": 0, "num_statements": 4, "percent_covered": 0.0, "percent_covered_display": "0", "missing_lines": 4, "excluded_lines": 0}, "missing_lines": [240, 241, 242, 243], "excluded_lines": []}, "OperationCheckpoint.get_phase": {"executed_lines": [], "summary": {"covered_lines": 0, "num_statements": 1, "percent_covered": 0.0, "percent_covered_display": "0", "missing_lines": 1, "excluded_lines": 0}, "missing_lines": [247], "excluded_lines": []}, "OperationCheckpoint.should_skip_phase": {"executed_lines": [], "summary": {"covered_lines": 0, "num_statements": 1, "percent_covered": 0.0, "percent_covered_display": "0", "missing_lines": 1, "excluded_lines": 0}, "missing_lines": [251], "excluded_lines": []}, "OperationCheckpoint.mark_aborted": {"executed_lines": [], "summary": {"covered_lines": 0, "num_statements": 2, "percent_covered": 0.0, "percent_covered_display": "0", "missing_lines": 2, "excluded_lines": 0}, "missing_lines": [255, 256], "excluded_lines": []}, "OperationCheckpoint.to_dict": {"executed_lines": [], "summary": {"covered_lines": 0, "num_statements": 1, "percent_covered": 0.0, "percent_covered_display": "0", "missing_lines": 1, "excluded_lines": 0}, "missing_lines": [260], "excluded_lines": []}, "OperationCheckpoint.from_dict": {"executed_lines": [], "summary": {"covered_lines": 0, "num_statements": 10, "percent_covered": 0.0, "percent_covered_display": "0", "missing_lines": 10, "excluded_lines": 0}, "missing_lines": [279, 284, 285, 286, 289, 290, 292, 293, 294, 296], "excluded_lines": []}, "": {"executed_lines": [1, 6, 7, 8, 9, 10, 11, 13, 16, 17, 19, 34, 63, 84, 88, 94, 95, 133, 134, 136, 153, 159, 168, 172, 176, 180, 194, 195, 209, 210, 212, 232, 238, 245, 249, 253, 258, 276, 277], "summary": {"covered_lines": 35, "num_statements": 35, "percent_covered": 100.0, "percent_covered_display": "100", "missing_lines": 0, "excluded_lines": 0}, "missing_lines": [], "excluded_lines": []}}, "classes": {"CheckpointManager": {"executed_lines": [], "summary": {"covered_lines": 0, "num_statements": 42, "percent_covered": 0.0, "percent_covered_display": "0", "missing_lines": 42, "excluded_lines": 0}, "missing_lines": [27, 28, 29, 32, 44, 46, 53, 54, 56, 57, 59, 60, 61, 70, 71, 73, 74, 75, 77, 78, 80, 81, 82, 86, 90, 91, 92, 105, 107, 108, 110, 111, 112, 113, 114, 115, 117, 118, 126, 127, 128, 130], "excluded_lines": []}, "PhaseCheckpoint": {"executed_lines": [], "summary": {"covered_lines": 0, "num_statements": 29, "percent_covered": 0.0, "percent_covered_display": "0", "missing_lines": 29, "excluded_lines": 0}, "missing_lines": [143, 144, 145, 146, 147, 148, 149, 150, 151, 155, 156, 157, 161, 162, 163, 170, 174, 178, 182, 197, 198, 199, 200, 201, 202, 203, 204, 205, 206], "excluded_lines": []}, "OperationCheckpoint": {"executed_lines": [], "summary": {"covered_lines": 0, "num_statements": 32, "percent_covered": 0.0, "percent_covered_display": "0", "missing_lines": 32, "excluded_lines": 0}, "missing_lines": [221, 222, 223, 224, 225, 226, 227, 228, 229, 230, 234, 235, 236, 240, 241, 242, 243, 247, 251, 255, 256, 260, 279, 284, 285, 286, 289, 290, 292, 293, 294, 296], "excluded_lines": []}, "": {"executed_lines": [1, 6, 7, 8, 9, 10, 11, 13, 16, 17, 19, 34, 63, 84, 88, 94, 95, 133, 134, 136, 153, 159, 168, 172, 176, 180, 194, 195, 209, 210, 212, 232, 238, 245, 249, 253, 258, 276, 277], "summary": {"covered_lines": 35, "num_statements": 35, "percent_covered": 100.0, "percent_covered_display": "100", "missing_lines": 0, "excluded_lines": 0}, "missing_lines": [], "excluded_lines": []}}}, "src/medusa/cli.py": {"executed_lines": [1, 6, 7, 8, 9, 11, 12, 14, 15, 16, 17, 18, 19, 21, 27, 30, 31, 34, 35, 148, 149, 155, 156, 157, 164, 165, 206, 207, 321, 322, 358, 359, 400, 401, 444, 445, 550, 551, 558, 559, 756, 757, 870, 871, 1040, 1053, 1066, 1079, 1091], "summary": {"covered_lines": 48, "num_statements": 566, "percent_covered": 8.480565371024735, "percent_covered_display": "8", "missing_lines": 518, "excluded_lines": 0}, "missing_lines": [49, 50, 51, 53, 54, 55, 57, 59, 60, 62, 64, 65, 66, 67, 69, 71, 73, 74, 75, 76, 84, 85, 91, 92, 98, 99, 100, 102, 103, 105, 107, 108, 109, 112, 113, 114, 115, 116, 117, 118, 120, 125, 128, 129, 134, 136, 138, 139, 140, 145, 160, 161, 180, 181, 182, 184, 185, 187, 190, 191, 196, 199, 200, 201, 202, 203, 239, 242, 243, 244, 248, 251, 252, 253, 254, 255, 258, 259, 260, 261, 265, 266, 269, 270, 271, 276, 280, 281, 282, 283, 287, 290, 291, 292, 293, 296, 297, 298, 299, 302, 305, 306, 309, 310, 311, 312, 313, 314, 317, 318, 336, 337, 338, 342, 344, 345, 348, 349, 352, 353, 355, 376, 377, 378, 382, 384, 385, 387, 388, 389, 390, 391, 394, 395, 397, 405, 407, 408, 412, 415, 418, 420, 430, 433, 434, 440, 441, 466, 472, 473, 474, 475, 478, 479, 481, 483, 484, 485, 487, 488, 489, 490, 491, 492, 493, 494, 495, 498, 499, 500, 501, 502, 503, 506, 511, 512, 513, 515, 516, 517, 518, 520, 522, 525, 526, 527, 528, 529, 530, 531, 533, 534, 536, 537, 539, 540, 541, 542, 543, 544, 546, 547, 555, 589, 590, 591, 593, 595, 596, 597, 600, 602, 603, 604, 607, 608, 609, 610, 611, 613, 614, 615, 618, 619, 621, 622, 623, 624, 625, 626, 627, 628, 629, 630, 631, 633, 634, 635, 636, 638, 639, 640, 642, 643, 644, 646, 647, 650, 651, 652, 653, 654, 655, 656, 664, 665, 668, 669, 670, 671, 672, 674, 675, 676, 677, 679, 680, 682, 683, 686, 687, 688, 689, 690, 691, 692, 694, 696, 698, 699, 700, 702, 703, 704, 705, 707, 708, 710, 711, 712, 713, 715, 718, 719, 720, 721, 722, 724, 725, 726, 727, 730, 731, 732, 734, 735, 736, 737, 739, 740, 741, 742, 743, 744, 745, 747, 749, 750, 751, 752, 753, 779, 780, 782, 785, 786, 787, 788, 789, 792, 793, 794, 796, 797, 798, 799, 801, 802, 805, 806, 807, 809, 810, 811, 812, 813, 816, 819, 820, 821, 824, 825, 827, 828, 829, 830, 833, 834, 836, 837, 838, 839, 840, 842, 843, 844, 845, 846, 848, 849, 850, 851, 852, 853, 855, 858, 859, 860, 861, 863, 864, 865, 866, 867, 902, 903, 905, 907, 908, 909, 912, 913, 914, 915, 916, 917, 918, 919, 921, 924, 928, 929, 930, 933, 934, 935, 936, 937, 938, 941, 942, 943, 945, 946, 948, 949, 952, 953, 954, 956, 957, 960, 961, 962, 963, 964, 966, 968, 969, 970, 971, 973, 974, 975, 976, 977, 978, 979, 980, 981, 982, 983, 984, 986, 987, 989, 990, 991, 992, 995, 998, 999, 1000, 1001, 1004, 1005, 1006, 1007, 1008, 1010, 1011, 1012, 1014, 1015, 1016, 1017, 1018, 1020, 1021, 1022, 1023, 1025, 1026, 1028, 1029, 1030, 1031, 1033, 1034, 1035, 1036, 1037, 1042, 1043, 1044, 1045, 1046, 1047, 1048, 1049, 1050, 1055, 1056, 1057, 1058, 1059, 1060, 1061, 1062, 1063, 1068, 1069, 1070, 1071, 1072, 1073, 1074, 1075, 1076, 1081, 1082, 1083, 1084, 1085, 1086, 1087, 1088, 1092], "excluded_lines": [], "functions": {"llm_verify": {"executed_lines": [], "summary": {"covered_lines": 0, "num_statements": 34, "percent_covered": 0.0, "percent_covered_display": "0", "missing_lines": 34, "excluded_lines": 0}, "missing_lines": [49, 50, 51, 53, 54, 55, 57, 59, 60, 62, 71, 102, 103, 105, 107, 108, 109, 112, 113, 114, 115, 116, 117, 118, 120, 125, 128, 129, 134, 136, 138, 139, 140, 145], "excluded_lines": []}, "llm_verify._verify_llm": {"executed_lines": [], "summary": {"covered_lines": 0, "num_statements": 5, "percent_covered": 0.0, "percent_covered_display": "0", "missing_lines": 5, "excluded_lines": 0}, "missing_lines": [64, 65, 66, 67, 69], "excluded_lines": []}, "llm_verify._hint_for_provider": {"executed_lines": [], "summary": {"covered_lines": 0, "num_statements": 11, "percent_covered": 0.0, "percent_covered_display": "0", "missing_lines": 11, "excluded_lines": 0}, "missing_lines": [73, 74, 75, 76, 84, 85, 91, 92, 98, 99, 100], "excluded_lines": []}, "main_callback": {"executed_lines": [155, 156, 157], "summary": {"covered_lines": 3, "num_statements": 5, "percent_covered": 60.0, "percent_covered_display": "60", "missing_lines": 2, "excluded_lines": 0}, "missing_lines": [160, 161], "excluded_lines": []}, "setup": {"executed_lines": [], "summary": {"covered_lines": 0, "num_statements": 14, "percent_covered": 0.0, "percent_covered_display": "0", "missing_lines": 14, "excluded_lines": 0}, "missing_lines": [180, 181, 182, 184, 185, 187, 190, 191, 196, 199, 200, 201, 202, 203], "excluded_lines": []}, "run": {"executed_lines": [], "summary": {"covered_lines": 0, "num_statements": 44, "percent_covered": 0.0, "percent_covered_display": "0", "missing_lines": 44, "excluded_lines": 0}, "missing_lines": [239, 242, 243, 244, 248, 251, 252, 253, 254, 255, 258, 259, 260, 261, 265, 266, 269, 270, 271, 276, 280, 281, 282, 283, 287, 290, 291, 292, 293, 296, 297, 298, 299, 302, 305, 306, 309, 310, 311, 312, 313, 314, 317, 318], "excluded_lines": []}, "shell": {"executed_lines": [], "summary": {"covered_lines": 0, "num_statements": 11, "percent_covered": 0.0, "percent_covered_display": "0", "missing_lines": 11, "excluded_lines": 0}, "missing_lines": [336, 337, 338, 342, 344, 345, 348, 349, 352, 353, 355], "excluded_lines": []}, "observe": {"executed_lines": [], "summary": {"covered_lines": 0, "num_statements": 14, "percent_covered": 0.0, "percent_covered_display": "0", "missing_lines": 14, "excluded_lines": 0}, "missing_lines": [376, 377, 378, 382, 384, 385, 387, 388, 389, 390, 391, 394, 395, 397], "excluded_lines": []}, "status": {"executed_lines": [], "summary": {"covered_lines": 0, "num_statements": 12, "percent_covered": 0.0, "percent_covered_display": "0", "missing_lines": 12, "excluded_lines": 0}, "missing_lines": [405, 407, 408, 412, 415, 418, 420, 430, 433, 434, 440, 441], "excluded_lines": []}, "completion": {"executed_lines": [], "summary": {"covered_lines": 0, "num_statements": 55, "percent_covered": 0.0, "percent_covered_display": "0", "missing_lines": 55, "excluded_lines": 0}, "missing_lines": [466, 472, 473, 474, 475, 478, 479, 481, 483, 484, 485, 487, 488, 489, 490, 491, 492, 493, 494, 495, 498, 499, 500, 501, 502, 503, 506, 511, 512, 513, 515, 516, 517, 518, 520, 522, 525, 526, 527, 528, 529, 530, 531, 533, 534, 536, 537, 539, 540, 541, 542, 543, 544, 546, 547], "excluded_lines": []}, "version": {"executed_lines": [], "summary": {"covered_lines": 0, "num_statements": 1, "percent_covered": 0.0, "percent_covered_display": "0", "missing_lines": 1, "excluded_lines": 0}, "missing_lines": [555], "excluded_lines": []}, "logs": {"executed_lines": [], "summary": {"covered_lines": 0, "num_statements": 118, "percent_covered": 0.0, "percent_covered_display": "0", "missing_lines": 118, "excluded_lines": 0}, "missing_lines": [589, 590, 591, 593, 595, 596, 597, 600, 602, 603, 604, 607, 608, 609, 610, 611, 613, 614, 615, 618, 619, 621, 622, 623, 624, 625, 626, 627, 628, 629, 630, 631, 633, 634, 635, 636, 638, 639, 640, 642, 643, 644, 646, 647, 650, 651, 652, 653, 654, 655, 656, 664, 665, 668, 669, 670, 671, 672, 674, 675, 676, 677, 679, 680, 682, 683, 686, 687, 688, 689, 690, 691, 692, 694, 696, 698, 699, 700, 702, 703, 704, 705, 707, 708, 710, 711, 712, 713, 715, 718, 719, 720, 721, 722, 724, 725, 726, 727, 730, 731, 732, 734, 735, 736, 737, 739, 740, 741, 742, 743, 744, 745, 747, 749, 750, 751, 752, 753], "excluded_lines": []}, "generate_report": {"executed_lines": [], "summary": {"covered_lines": 0, "num_statements": 63, "percent_covered": 0.0, "percent_covered_display": "0", "missing_lines": 63, "excluded_lines": 0}, "missing_lines": [779, 780, 782, 785, 786, 787, 788, 789, 792, 793, 794, 796, 797, 798, 799, 801, 802, 805, 806, 807, 809, 810, 811, 812, 813, 816, 819, 820, 821, 824, 825, 827, 828, 829, 830, 833, 834, 836, 837, 838, 839, 840, 842, 843, 844, 845, 846, 848, 849, 850, 851, 852, 853, 855, 858, 859, 860, 861, 863, 864, 865, 866, 867], "excluded_lines": []}, "reports": {"executed_lines": [], "summary": {"covered_lines": 0, "num_statements": 78, "percent_covered": 0.0, "percent_covered_display": "0", "missing_lines": 78, "excluded_lines": 0}, "missing_lines": [902, 903, 905, 907, 908, 909, 912, 913, 914, 915, 916, 917, 918, 919, 921, 924, 928, 929, 930, 933, 941, 945, 946, 948, 949, 952, 953, 954, 956, 957, 960, 961, 962, 963, 964, 966, 968, 969, 970, 971, 973, 974, 975, 976, 977, 978, 979, 980, 981, 982, 983, 984, 986, 987, 989, 990, 991, 992, 995, 998, 999, 1000, 1001, 1004, 1005, 1006, 1007, 1008, 1010, 1028, 1029, 1030, 1031, 1033, 1034, 1035, 1036, 1037], "excluded_lines": []}, "reports.format_size": {"executed_lines": [], "summary": {"covered_lines": 0, "num_statements": 5, "percent_covered": 0.0, "percent_covered_display": "0", "missing_lines": 5, "excluded_lines": 0}, "missing_lines": [934, 935, 936, 937, 938], "excluded_lines": []}, "reports.format_timestamp": {"executed_lines": [], "summary": {"covered_lines": 0, "num_statements": 2, "percent_covered": 0.0, "percent_covered_display": "0", "missing_lines": 2, "excluded_lines": 0}, "missing_lines": [942, 943], "excluded_lines": []}, "reports.display_report_group": {"executed_lines": [], "summary": {"covered_lines": 0, "num_statements": 13, "percent_covered": 0.0, "percent_covered_display": "0", "missing_lines": 13, "excluded_lines": 0}, "missing_lines": [1011, 1012, 1014, 1015, 1016, 1017, 1018, 1020, 1021, 1022, 1023, 1025, 1026], "excluded_lines": []}, "_run_autonomous_mode": {"executed_lines": [], "summary": {"covered_lines": 0, "num_statements": 9, "percent_covered": 0.0, "percent_covered_display": "0", "missing_lines": 9, "excluded_lines": 0}, "missing_lines": [1042, 1043, 1044, 1045, 1046, 1047, 1048, 1049, 1050], "excluded_lines": []}, "_run_interactive_mode": {"executed_lines": [], "summary": {"covered_lines": 0, "num_statements": 9, "percent_covered": 0.0, "percent_covered_display": "0", "missing_lines": 9, "excluded_lines": 0}, "missing_lines": [1055, 1056, 1057, 1058, 1059, 1060, 1061, 1062, 1063], "excluded_lines": []}, "_run_observe_mode": {"executed_lines": [], "summary": {"covered_lines": 0, "num_statements": 9, "percent_covered": 0.0, "percent_covered_display": "0", "missing_lines": 9, "excluded_lines": 0}, "missing_lines": [1068, 1069, 1070, 1071, 1072, 1073, 1074, 1075, 1076], "excluded_lines": []}, "main": {"executed_lines": [], "summary": {"covered_lines": 0, "num_statements": 8, "percent_covered": 0.0, "percent_covered_display": "0", "missing_lines": 8, "excluded_lines": 0}, "missing_lines": [1081, 1082, 1083, 1084, 1085, 1086, 1087, 1088], "excluded_lines": []}, "": {"executed_lines": [1, 6, 7, 8, 9, 11, 12, 14, 15, 16, 17, 18, 19, 21, 27, 30, 31, 34, 35, 148, 149, 164, 165, 206, 207, 321, 322, 358, 359, 400, 401, 444, 445, 550, 551, 558, 559, 756, 757, 870, 871, 1040, 1053, 1066, 1079, 1091], "summary": {"covered_lines": 45, "num_statements": 46, "percent_covered": 97.82608695652173, "percent_covered_display": "98", "missing_lines": 1, "excluded_lines": 0}, "missing_lines": [1092], "excluded_lines": []}}, "classes": {"": {"executed_lines": [1, 6, 7, 8, 9, 11, 12, 14, 15, 16, 17, 18, 19, 21, 27, 30, 31, 34, 35, 148, 149, 155, 156, 157, 164, 165, 206, 207, 321, 322, 358, 359, 400, 401, 444, 445, 550, 551, 558, 559, 756, 757, 870, 871, 1040, 1053, 1066, 1079, 1091], "summary": {"covered_lines": 48, "num_statements": 566, "percent_covered": 8.480565371024735, "percent_covered_display": "8", "missing_lines": 518, "excluded_lines": 0}, "missing_lines": [49, 50, 51, 53, 54, 55, 57, 59, 60, 62, 64, 65, 66, 67, 69, 71, 73, 74, 75, 76, 84, 85, 91, 92, 98, 99, 100, 102, 103, 105, 107, 108, 109, 112, 113, 114, 115, 116, 117, 118, 120, 125, 128, 129, 134, 136, 138, 139, 140, 145, 160, 161, 180, 181, 182, 184, 185, 187, 190, 191, 196, 199, 200, 201, 202, 203, 239, 242, 243, 244, 248, 251, 252, 253, 254, 255, 258, 259, 260, 261, 265, 266, 269, 270, 271, 276, 280, 281, 282, 283, 287, 290, 291, 292, 293, 296, 297, 298, 299, 302, 305, 306, 309, 310, 311, 312, 313, 314, 317, 318, 336, 337, 338, 342, 344, 345, 348, 349, 352, 353, 355, 376, 377, 378, 382, 384, 385, 387, 388, 389, 390, 391, 394, 395, 397, 405, 407, 408, 412, 415, 418, 420, 430, 433, 434, 440, 441, 466, 472, 473, 474, 475, 478, 479, 481, 483, 484, 485, 487, 488, 489, 490, 491, 492, 493, 494, 495, 498, 499, 500, 501, 502, 503, 506, 511, 512, 513, 515, 516, 517, 518, 520, 522, 525, 526, 527, 528, 529, 530, 531, 533, 534, 536, 537, 539, 540, 541, 542, 543, 544, 546, 547, 555, 589, 590, 591, 593, 595, 596, 597, 600, 602, 603, 604, 607, 608, 609, 610, 611, 613, 614, 615, 618, 619, 621, 622, 623, 624, 625, 626, 627, 628, 629, 630, 631, 633, 634, 635, 636, 638, 639, 640, 642, 643, 644, 646, 647, 650, 651, 652, 653, 654, 655, 656, 664, 665, 668, 669, 670, 671, 672, 674, 675, 676, 677, 679, 680, 682, 683, 686, 687, 688, 689, 690, 691, 692, 694, 696, 698, 699, 700, 702, 703, 704, 705, 707, 708, 710, 711, 712, 713, 715, 718, 719, 720, 721, 722, 724, 725, 726, 727, 730, 731, 732, 734, 735, 736, 737, 739, 740, 741, 742, 743, 744, 745, 747, 749, 750, 751, 752, 753, 779, 780, 782, 785, 786, 787, 788, 789, 792, 793, 794, 796, 797, 798, 799, 801, 802, 805, 806, 807, 809, 810, 811, 812, 813, 816, 819, 820, 821, 824, 825, 827, 828, 829, 830, 833, 834, 836, 837, 838, 839, 840, 842, 843, 844, 845, 846, 848, 849, 850, 851, 852, 853, 855, 858, 859, 860, 861, 863, 864, 865, 866, 867, 902, 903, 905, 907, 908, 909, 912, 913, 914, 915, 916, 917, 918, 919, 921, 924, 928, 929, 930, 933, 934, 935, 936, 937, 938, 941, 942, 943, 945, 946, 948, 949, 952, 953, 954, 956, 957, 960, 961, 962, 963, 964, 966, 968, 969, 970, 971, 973, 974, 975, 976, 977, 978, 979, 980, 981, 982, 983, 984, 986, 987, 989, 990, 991, 992, 995, 998, 999, 1000, 1001, 1004, 1005, 1006, 1007, 1008, 1010, 1011, 1012, 1014, 1015, 1016, 1017, 1018, 1020, 1021, 1022, 1023, 1025, 1026, 1028, 1029, 1030, 1031, 1033, 1034, 1035, 1036, 1037, 1042, 1043, 1044, 1045, 1046, 1047, 1048, 1049, 1050, 1055, 1056, 1057, 1058, 1059, 1060, 1061, 1062, 1063, 1068, 1069, 1070, 1071, 1072, 1073, 1074, 1075, 1076, 1081, 1082, 1083, 1084, 1085, 1086, 1087, 1088, 1092], "excluded_lines": []}}}, "src/medusa/client.py": {"executed_lines": [1, 7, 8, 9, 10, 11, 13, 14, 16, 19, 20, 22, 29, 30, 31, 32, 35, 37, 55, 56, 64, 65, 66, 67, 68, 69, 70, 72, 74, 76, 78, 80, 82, 84, 93, 104, 142, 160, 161, 162, 164, 165, 166, 169, 170, 179, 180, 181, 194, 195, 196, 202, 218, 219, 235, 236, 237, 244, 260, 261, 276, 278, 283, 296, 315, 316, 317, 319, 320, 321, 324, 325, 329, 343, 344, 346, 347, 349, 370, 388, 390, 395, 408, 418, 421, 436, 437, 439, 440, 484, 485, 487, 489, 551, 587, 603, 690, 700, 701, 702, 705, 706, 708, 722, 737, 738, 739, 745, 746, 747, 753, 781, 796, 797, 798, 801, 802, 804, 806, 841, 869, 897, 927, 958, 991, 1036, 1037, 1039, 1043, 1055], "summary": {"covered_lines": 127, "num_statements": 303, "percent_covered": 41.914191419141915, "percent_covered_display": "42", "missing_lines": 176, "excluded_lines": 0}, "missing_lines": [59, 60, 61, 86, 87, 88, 89, 91, 96, 107, 132, 171, 172, 173, 175, 176, 182, 183, 184, 203, 204, 205, 212, 225, 226, 227, 245, 246, 247, 254, 267, 268, 269, 326, 327, 334, 335, 336, 350, 356, 361, 362, 363, 371, 372, 373, 375, 376, 382, 441, 443, 444, 445, 447, 448, 454, 456, 458, 472, 473, 474, 475, 477, 478, 480, 482, 499, 501, 502, 505, 506, 507, 510, 511, 523, 524, 531, 533, 544, 545, 547, 549, 556, 558, 559, 575, 590, 592, 606, 703, 704, 743, 744, 768, 769, 770, 771, 772, 773, 774, 775, 799, 800, 823, 824, 825, 830, 831, 832, 833, 834, 856, 857, 858, 859, 860, 861, 862, 863, 884, 885, 886, 887, 888, 889, 890, 891, 912, 913, 914, 918, 919, 920, 921, 922, 944, 945, 946, 947, 948, 949, 950, 951, 952, 977, 978, 979, 980, 981, 982, 983, 984, 985, 1012, 1013, 1014, 1021, 1022, 1024, 1025, 1026, 1027, 1028, 1040, 1041, 1045, 1047, 1048, 1049, 1050, 1051, 1053, 1056, 1057, 1058, 1060], "excluded_lines": [], "functions": {"MedusaClient.__init__": {"executed_lines": [29, 30, 31, 32, 35, 37, 55, 56, 64, 65, 66, 67, 68, 69, 70], "summary": {"covered_lines": 15, "num_statements": 18, "percent_covered": 83.33333333333333, "percent_covered_display": "83", "missing_lines": 3, "excluded_lines": 0}, "missing_lines": [59, 60, 61], "excluded_lines": []}, "MedusaClient.__aenter__": {"executed_lines": [74], "summary": {"covered_lines": 1, "num_statements": 1, "percent_covered": 100.0, "percent_covered_display": "100", "missing_lines": 0, "excluded_lines": 0}, "missing_lines": [], "excluded_lines": []}, "MedusaClient.__aexit__": {"executed_lines": [78], "summary": {"covered_lines": 1, "num_statements": 1, "percent_covered": 100.0, "percent_covered_display": "100", "missing_lines": 0, "excluded_lines": 0}, "missing_lines": [], "excluded_lines": []}, "MedusaClient.close": {"executed_lines": [82], "summary": {"covered_lines": 1, "num_statements": 1, "percent_covered": 100.0, "percent_covered_display": "100", "missing_lines": 0, "excluded_lines": 0}, "missing_lines": [], "excluded_lines": []}, "MedusaClient.health_check": {"executed_lines": [], "summary": {"covered_lines": 0, "num_statements": 5, "percent_covered": 0.0, "percent_covered_display": "0", "missing_lines": 5, "excluded_lines": 0}, "missing_lines": [86, 87, 88, 89, 91], "excluded_lines": []}, "MedusaClient.start_operation": {"executed_lines": [], "summary": {"covered_lines": 0, "num_statements": 1, "percent_covered": 0.0, "percent_covered_display": "0", "missing_lines": 1, "excluded_lines": 0}, "missing_lines": [96], "excluded_lines": []}, "MedusaClient.get_operation_status": {"executed_lines": [], "summary": {"covered_lines": 0, "num_statements": 2, "percent_covered": 0.0, "percent_covered_display": "0", "missing_lines": 2, "excluded_lines": 0}, "missing_lines": [107, 132], "excluded_lines": []}, "MedusaClient.perform_reconnaissance": {"executed_lines": [160, 161, 162, 164, 165, 166, 169, 170, 179, 180, 181, 194, 195, 196, 202, 218, 219, 235, 236, 237, 244, 260, 261, 276, 278, 283], "summary": {"covered_lines": 26, "num_statements": 48, "percent_covered": 54.166666666666664, "percent_covered_display": "54", "missing_lines": 22, "excluded_lines": 0}, "missing_lines": [171, 172, 173, 175, 176, 182, 183, 184, 203, 204, 205, 212, 225, 226, 227, 245, 246, 247, 254, 267, 268, 269], "excluded_lines": []}, "MedusaClient.enumerate_services": {"executed_lines": [315, 316, 317, 319, 320, 321, 324, 325, 329, 343, 344, 346, 347, 349, 370, 388, 390, 395], "summary": {"covered_lines": 18, "num_statements": 34, "percent_covered": 52.94117647058823, "percent_covered_display": "53", "missing_lines": 16, "excluded_lines": 0}, "missing_lines": [326, 327, 334, 335, 336, 350, 356, 361, 362, 363, 371, 372, 373, 375, 376, 382], "excluded_lines": []}, "MedusaClient._enumerate_api_endpoints": {"executed_lines": [418, 421, 436, 437, 439, 440, 484, 485, 487], "summary": {"covered_lines": 9, "num_statements": 26, "percent_covered": 34.61538461538461, "percent_covered_display": "35", "missing_lines": 17, "excluded_lines": 0}, "missing_lines": [441, 443, 444, 445, 447, 448, 454, 456, 458, 472, 473, 474, 475, 477, 478, 480, 482], "excluded_lines": []}, "MedusaClient._analyze_findings_for_vulnerabilities": {"executed_lines": [], "summary": {"covered_lines": 0, "num_statements": 16, "percent_covered": 0.0, "percent_covered_display": "0", "missing_lines": 16, "excluded_lines": 0}, "missing_lines": [499, 501, 502, 505, 506, 507, 510, 511, 523, 524, 531, 533, 544, 545, 547, 549], "excluded_lines": []}, "MedusaClient.attempt_exploitation": {"executed_lines": [], "summary": {"covered_lines": 0, "num_statements": 4, "percent_covered": 0.0, "percent_covered_display": "0", "missing_lines": 4, "excluded_lines": 0}, "missing_lines": [556, 558, 559, 575], "excluded_lines": []}, "MedusaClient.exfiltrate_data": {"executed_lines": [], "summary": {"covered_lines": 0, "num_statements": 2, "percent_covered": 0.0, "percent_covered_display": "0", "missing_lines": 2, "excluded_lines": 0}, "missing_lines": [590, 592], "excluded_lines": []}, "MedusaClient.generate_report": {"executed_lines": [], "summary": {"covered_lines": 0, "num_statements": 1, "percent_covered": 0.0, "percent_covered_display": "0", "missing_lines": 1, "excluded_lines": 0}, "missing_lines": [606], "excluded_lines": []}, "MedusaClient.get_ai_recommendation": {"executed_lines": [700, 701, 702, 705, 706, 708], "summary": {"covered_lines": 6, "num_statements": 8, "percent_covered": 75.0, "percent_covered_display": "75", "missing_lines": 2, "excluded_lines": 0}, "missing_lines": [703, 704], "excluded_lines": []}, "MedusaClient.get_reconnaissance_strategy": {"executed_lines": [737, 738, 739, 745, 746, 747], "summary": {"covered_lines": 6, "num_statements": 8, "percent_covered": 75.0, "percent_covered_display": "75", "missing_lines": 2, "excluded_lines": 0}, "missing_lines": [743, 744], "excluded_lines": []}, "MedusaClient.get_enumeration_strategy": {"executed_lines": [], "summary": {"covered_lines": 0, "num_statements": 8, "percent_covered": 0.0, "percent_covered_display": "0", "missing_lines": 8, "excluded_lines": 0}, "missing_lines": [768, 769, 770, 771, 772, 773, 774, 775], "excluded_lines": []}, "MedusaClient.assess_vulnerability_risk": {"executed_lines": [796, 797, 798, 801, 802, 804], "summary": {"covered_lines": 6, "num_statements": 8, "percent_covered": 75.0, "percent_covered_display": "75", "missing_lines": 2, "excluded_lines": 0}, "missing_lines": [799, 800], "excluded_lines": []}, "MedusaClient.plan_attack_strategy": {"executed_lines": [], "summary": {"covered_lines": 0, "num_statements": 8, "percent_covered": 0.0, "percent_covered_display": "0", "missing_lines": 8, "excluded_lines": 0}, "missing_lines": [823, 824, 825, 830, 831, 832, 833, 834], "excluded_lines": []}, "MedusaClient.perform_subdomain_enumeration": {"executed_lines": [], "summary": {"covered_lines": 0, "num_statements": 8, "percent_covered": 0.0, "percent_covered_display": "0", "missing_lines": 8, "excluded_lines": 0}, "missing_lines": [856, 857, 858, 859, 860, 861, 862, 863], "excluded_lines": []}, "MedusaClient.validate_web_targets": {"executed_lines": [], "summary": {"covered_lines": 0, "num_statements": 8, "percent_covered": 0.0, "percent_covered_display": "0", "missing_lines": 8, "excluded_lines": 0}, "missing_lines": [884, 885, 886, 887, 888, 889, 890, 891], "excluded_lines": []}, "MedusaClient.prioritize_reconnaissance_targets": {"executed_lines": [], "summary": {"covered_lines": 0, "num_statements": 8, "percent_covered": 0.0, "percent_covered_display": "0", "missing_lines": 8, "excluded_lines": 0}, "missing_lines": [912, 913, 914, 918, 919, 920, 921, 922], "excluded_lines": []}, "MedusaClient.enumerate_kerberos_users": {"executed_lines": [], "summary": {"covered_lines": 0, "num_statements": 9, "percent_covered": 0.0, "percent_covered_display": "0", "missing_lines": 9, "excluded_lines": 0}, "missing_lines": [944, 945, 946, 947, 948, 949, 950, 951, 952], "excluded_lines": []}, "MedusaClient.spray_kerberos_password": {"executed_lines": [], "summary": {"covered_lines": 0, "num_statements": 9, "percent_covered": 0.0, "percent_covered_display": "0", "missing_lines": 9, "excluded_lines": 0}, "missing_lines": [977, 978, 979, 980, 981, 982, 983, 984, 985], "excluded_lines": []}, "MedusaClient.test_sql_injection": {"executed_lines": [], "summary": {"covered_lines": 0, "num_statements": 10, "percent_covered": 0.0, "percent_covered_display": "0", "missing_lines": 10, "excluded_lines": 0}, "missing_lines": [1012, 1013, 1014, 1021, 1022, 1024, 1025, 1026, 1027, 1028], "excluded_lines": []}, "SyncMedusaClient.__init__": {"executed_lines": [], "summary": {"covered_lines": 0, "num_statements": 2, "percent_covered": 0.0, "percent_covered_display": "0", "missing_lines": 2, "excluded_lines": 0}, "missing_lines": [1040, 1041], "excluded_lines": []}, "SyncMedusaClient._run_async": {"executed_lines": [], "summary": {"covered_lines": 0, "num_statements": 7, "percent_covered": 0.0, "percent_covered_display": "0", "missing_lines": 7, "excluded_lines": 0}, "missing_lines": [1045, 1047, 1048, 1049, 1050, 1051, 1053], "excluded_lines": []}, "SyncMedusaClient.health_check": {"executed_lines": [], "summary": {"covered_lines": 0, "num_statements": 2, "percent_covered": 0.0, "percent_covered_display": "0", "missing_lines": 2, "excluded_lines": 0}, "missing_lines": [1056, 1060], "excluded_lines": []}, "SyncMedusaClient.health_check._check": {"executed_lines": [], "summary": {"covered_lines": 0, "num_statements": 2, "percent_covered": 0.0, "percent_covered_display": "0", "missing_lines": 2, "excluded_lines": 0}, "missing_lines": [1057, 1058], "excluded_lines": []}, "": {"executed_lines": [1, 7, 8, 9, 10, 11, 13, 14, 16, 19, 20, 22, 72, 76, 80, 84, 93, 104, 142, 296, 408, 489, 551, 587, 603, 690, 722, 753, 781, 806, 841, 869, 897, 927, 958, 991, 1036, 1037, 1039, 1043, 1055], "summary": {"covered_lines": 38, "num_statements": 38, "percent_covered": 100.0, "percent_covered_display": "100", "missing_lines": 0, "excluded_lines": 0}, "missing_lines": [], "excluded_lines": []}}, "classes": {"MedusaClient": {"executed_lines": [29, 30, 31, 32, 35, 37, 55, 56, 64, 65, 66, 67, 68, 69, 70, 74, 78, 82, 160, 161, 162, 164, 165, 166, 169, 170, 179, 180, 181, 194, 195, 196, 202, 218, 219, 235, 236, 237, 244, 260, 261, 276, 278, 283, 315, 316, 317, 319, 320, 321, 324, 325, 329, 343, 344, 346, 347, 349, 370, 388, 390, 395, 418, 421, 436, 437, 439, 440, 484, 485, 487, 700, 701, 702, 705, 706, 708, 737, 738, 739, 745, 746, 747, 796, 797, 798, 801, 802, 804], "summary": {"covered_lines": 89, "num_statements": 252, "percent_covered": 35.317460317460316, "percent_covered_display": "35", "missing_lines": 163, "excluded_lines": 0}, "missing_lines": [59, 60, 61, 86, 87, 88, 89, 91, 96, 107, 132, 171, 172, 173, 175, 176, 182, 183, 184, 203, 204, 205, 212, 225, 226, 227, 245, 246, 247, 254, 267, 268, 269, 326, 327, 334, 335, 336, 350, 356, 361, 362, 363, 371, 372, 373, 375, 376, 382, 441, 443, 444, 445, 447, 448, 454, 456, 458, 472, 473, 474, 475, 477, 478, 480, 482, 499, 501, 502, 505, 506, 507, 510, 511, 523, 524, 531, 533, 544, 545, 547, 549, 556, 558, 559, 575, 590, 592, 606, 703, 704, 743, 744, 768, 769, 770, 771, 772, 773, 774, 775, 799, 800, 823, 824, 825, 830, 831, 832, 833, 834, 856, 857, 858, 859, 860, 861, 862, 863, 884, 885, 886, 887, 888, 889, 890, 891, 912, 913, 914, 918, 919, 920, 921, 922, 944, 945, 946, 947, 948, 949, 950, 951, 952, 977, 978, 979, 980, 981, 982, 983, 984, 985, 1012, 1013, 1014, 1021, 1022, 1024, 1025, 1026, 1027, 1028], "excluded_lines": []}, "SyncMedusaClient": {"executed_lines": [], "summary": {"covered_lines": 0, "num_statements": 13, "percent_covered": 0.0, "percent_covered_display": "0", "missing_lines": 13, "excluded_lines": 0}, "missing_lines": [1040, 1041, 1045, 1047, 1048, 1049, 1050, 1051, 1053, 1056, 1057, 1058, 1060], "excluded_lines": []}, "": {"executed_lines": [1, 7, 8, 9, 10, 11, 13, 14, 16, 19, 20, 22, 72, 76, 80, 84, 93, 104, 142, 296, 408, 489, 551, 587, 603, 690, 722, 753, 781, 806, 841, 869, 897, 927, 958, 991, 1036, 1037, 1039, 1043, 1055], "summary": {"covered_lines": 38, "num_statements": 38, "percent_covered": 100.0, "percent_covered_display": "100", "missing_lines": 0, "excluded_lines": 0}, "missing_lines": [], "excluded_lines": []}}}, "src/medusa/command_parser.py": {"executed_lines": [1, 6, 7, 8, 9, 11, 13, 16, 17, 26, 34, 35, 36, 44, 61, 62, 65, 68, 71, 72, 79, 82, 85, 91, 92, 98, 100, 101, 103, 147, 150, 155, 157, 160, 161, 162, 163, 168, 169, 170, 171, 172, 173, 174, 175, 176, 177, 178, 179, 180, 183, 186, 189, 192, 195, 198, 202, 203, 205, 214, 216, 218, 220, 235, 238, 240, 242, 244, 246, 253, 254, 257, 259, 261, 263, 266, 267, 268, 269, 270, 271, 275, 276, 278, 290, 292, 297, 299, 301, 303, 305], "summary": {"covered_lines": 89, "num_statements": 129, "percent_covered": 68.9922480620155, "percent_covered_display": "69", "missing_lines": 40, "excluded_lines": 0}, "missing_lines": [73, 74, 76, 94, 95, 96, 151, 165, 181, 182, 184, 185, 187, 188, 190, 191, 193, 194, 196, 197, 199, 200, 221, 223, 224, 225, 226, 229, 230, 231, 233, 239, 241, 243, 245, 248, 272, 280, 307, 308], "excluded_lines": [], "functions": {"CommandParser.__init__": {"executed_lines": [34, 35, 36], "summary": {"covered_lines": 3, "num_statements": 3, "percent_covered": 100.0, "percent_covered_display": "100", "missing_lines": 0, "excluded_lines": 0}, "missing_lines": [], "excluded_lines": []}, "CommandParser.parse": {"executed_lines": [61, 62, 65, 68, 71, 72, 79, 82, 85, 91, 92], "summary": {"covered_lines": 11, "num_statements": 17, "percent_covered": 64.70588235294117, "percent_covered_display": "65", "missing_lines": 6, "excluded_lines": 0}, "missing_lines": [73, 74, 76, 94, 95, 96], "excluded_lines": []}, "CommandParser._build_parse_prompt": {"executed_lines": [100, 101, 103], "summary": {"covered_lines": 3, "num_statements": 3, "percent_covered": 100.0, "percent_covered_display": "100", "missing_lines": 0, "excluded_lines": 0}, "missing_lines": [], "excluded_lines": []}, "CommandParser._parse_with_llm": {"executed_lines": [150, 155], "summary": {"covered_lines": 2, "num_statements": 3, "percent_covered": 66.66666666666667, "percent_covered_display": "67", "missing_lines": 1, "excluded_lines": 0}, "missing_lines": [151], "excluded_lines": []}, "CommandParser._mock_parse_response": {"executed_lines": [160, 161, 162, 163, 168, 169, 170, 171, 172, 173, 174, 175, 176, 177, 178, 179, 180, 183, 186, 189, 192, 195, 198, 202, 203, 205, 214], "summary": {"covered_lines": 27, "num_statements": 42, "percent_covered": 64.28571428571429, "percent_covered_display": "64", "missing_lines": 15, "excluded_lines": 0}, "missing_lines": [165, 181, 182, 184, 185, 187, 188, 190, 191, 193, 194, 196, 197, 199, 200], "excluded_lines": []}, "CommandParser._extract_json": {"executed_lines": [218, 220], "summary": {"covered_lines": 2, "num_statements": 11, "percent_covered": 18.181818181818183, "percent_covered_display": "18", "missing_lines": 9, "excluded_lines": 0}, "missing_lines": [221, 223, 224, 225, 226, 229, 230, 231, 233], "excluded_lines": []}, "CommandParser._validate_and_enrich": {"executed_lines": [238, 240, 242, 244, 246, 253, 254, 257, 259], "summary": {"covered_lines": 9, "num_statements": 14, "percent_covered": 64.28571428571429, "percent_covered_display": "64", "missing_lines": 5, "excluded_lines": 0}, "missing_lines": [239, 241, 243, 245, 248], "excluded_lines": []}, "CommandParser._update_context": {"executed_lines": [263, 266, 267, 268, 269, 270, 271, 275, 276], "summary": {"covered_lines": 9, "num_statements": 10, "percent_covered": 90.0, "percent_covered_display": "90", "missing_lines": 1, "excluded_lines": 0}, "missing_lines": [272], "excluded_lines": []}, "CommandParser._get_fallback_parse": {"executed_lines": [], "summary": {"covered_lines": 0, "num_statements": 1, "percent_covered": 0.0, "percent_covered_display": "0", "missing_lines": 1, "excluded_lines": 0}, "missing_lines": [280], "excluded_lines": []}, "CommandParser.add_finding": {"executed_lines": [292], "summary": {"covered_lines": 1, "num_statements": 1, "percent_covered": 100.0, "percent_covered_display": "100", "missing_lines": 0, "excluded_lines": 0}, "missing_lines": [], "excluded_lines": []}, "CommandParser.get_context": {"executed_lines": [299], "summary": {"covered_lines": 1, "num_statements": 1, "percent_covered": 100.0, "percent_covered_display": "100", "missing_lines": 0, "excluded_lines": 0}, "missing_lines": [], "excluded_lines": []}, "CommandParser.get_command_history": {"executed_lines": [303], "summary": {"covered_lines": 1, "num_statements": 1, "percent_covered": 100.0, "percent_covered_display": "100", "missing_lines": 0, "excluded_lines": 0}, "missing_lines": [], "excluded_lines": []}, "CommandParser.clear_history": {"executed_lines": [], "summary": {"covered_lines": 0, "num_statements": 2, "percent_covered": 0.0, "percent_covered_display": "0", "missing_lines": 2, "excluded_lines": 0}, "missing_lines": [307, 308], "excluded_lines": []}, "": {"executed_lines": [1, 6, 7, 8, 9, 11, 13, 16, 17, 26, 44, 98, 147, 157, 216, 235, 261, 278, 290, 297, 301, 305], "summary": {"covered_lines": 20, "num_statements": 20, "percent_covered": 100.0, "percent_covered_display": "100", "missing_lines": 0, "excluded_lines": 0}, "missing_lines": [], "excluded_lines": []}}, "classes": {"CommandParser": {"executed_lines": [34, 35, 36, 61, 62, 65, 68, 71, 72, 79, 82, 85, 91, 92, 100, 101, 103, 150, 155, 160, 161, 162, 163, 168, 169, 170, 171, 172, 173, 174, 175, 176, 177, 178, 179, 180, 183, 186, 189, 192, 195, 198, 202, 203, 205, 214, 218, 220, 238, 240, 242, 244, 246, 253, 254, 257, 259, 263, 266, 267, 268, 269, 270, 271, 275, 276, 292, 299, 303], "summary": {"covered_lines": 69, "num_statements": 109, "percent_covered": 63.30275229357798, "percent_covered_display": "63", "missing_lines": 40, "excluded_lines": 0}, "missing_lines": [73, 74, 76, 94, 95, 96, 151, 165, 181, 182, 184, 185, 187, 188, 190, 191, 193, 194, 196, 197, 199, 200, 221, 223, 224, 225, 226, 229, 230, 231, 233, 239, 241, 243, 245, 248, 272, 280, 307, 308], "excluded_lines": []}, "": {"executed_lines": [1, 6, 7, 8, 9, 11, 13, 16, 17, 26, 44, 98, 147, 157, 216, 235, 261, 278, 290, 297, 301, 305], "summary": {"covered_lines": 20, "num_statements": 20, "percent_covered": 100.0, "percent_covered_display": "100", "missing_lines": 0, "excluded_lines": 0}, "missing_lines": [], "excluded_lines": []}}}, "src/medusa/completers.py": {"executed_lines": [1, 6, 7, 8, 11, 12, 17, 20, 33, 55, 67, 69, 121, 122, 126, 128, 158, 169, 170, 173, 174, 176, 177, 179, 181, 189, 191, 198, 199, 201, 208, 210, 220], "summary": {"covered_lines": 30, "num_statements": 46, "percent_covered": 65.21739130434783, "percent_covered_display": "65", "missing_lines": 16, "excluded_lines": 0}, "missing_lines": [80, 81, 84, 85, 86, 87, 90, 91, 92, 100, 101, 102, 110, 111, 112, 113], "excluded_lines": [], "functions": {"MedusaCompleter.__init__": {"executed_lines": [20, 33, 55, 67], "summary": {"covered_lines": 4, "num_statements": 4, "percent_covered": 100.0, "percent_covered_display": "100", "missing_lines": 0, "excluded_lines": 0}, "missing_lines": [], "excluded_lines": []}, "MedusaCompleter.get_completions": {"executed_lines": [], "summary": {"covered_lines": 0, "num_statements": 16, "percent_covered": 0.0, "percent_covered_display": "0", "missing_lines": 16, "excluded_lines": 0}, "missing_lines": [80, 81, 84, 85, 86, 87, 90, 91, 92, 100, 101, 102, 110, 111, 112, 113], "excluded_lines": []}, "CommandAliasManager.__init__": {"executed_lines": [128], "summary": {"covered_lines": 1, "num_statements": 1, "percent_covered": 100.0, "percent_covered_display": "100", "missing_lines": 0, "excluded_lines": 0}, "missing_lines": [], "excluded_lines": []}, "CommandAliasManager.resolve": {"executed_lines": [169, 170, 173, 174, 176, 177, 179], "summary": {"covered_lines": 7, "num_statements": 7, "percent_covered": 100.0, "percent_covered_display": "100", "missing_lines": 0, "excluded_lines": 0}, "missing_lines": [], "excluded_lines": []}, "CommandAliasManager.add_alias": {"executed_lines": [189], "summary": {"covered_lines": 1, "num_statements": 1, "percent_covered": 100.0, "percent_covered_display": "100", "missing_lines": 0, "excluded_lines": 0}, "missing_lines": [], "excluded_lines": []}, "CommandAliasManager.remove_alias": {"executed_lines": [198, 199], "summary": {"covered_lines": 2, "num_statements": 2, "percent_covered": 100.0, "percent_covered_display": "100", "missing_lines": 0, "excluded_lines": 0}, "missing_lines": [], "excluded_lines": []}, "CommandAliasManager.list_aliases": {"executed_lines": [208], "summary": {"covered_lines": 1, "num_statements": 1, "percent_covered": 100.0, "percent_covered_display": "100", "missing_lines": 0, "excluded_lines": 0}, "missing_lines": [], "excluded_lines": []}, "CommandAliasManager.get_alias_for_command": {"executed_lines": [220], "summary": {"covered_lines": 1, "num_statements": 1, "percent_covered": 100.0, "percent_covered_display": "100", "missing_lines": 0, "excluded_lines": 0}, "missing_lines": [], "excluded_lines": []}, "": {"executed_lines": [1, 6, 7, 8, 11, 12, 17, 69, 121, 122, 126, 158, 181, 191, 201, 210], "summary": {"covered_lines": 13, "num_statements": 13, "percent_covered": 100.0, "percent_covered_display": "100", "missing_lines": 0, "excluded_lines": 0}, "missing_lines": [], "excluded_lines": []}}, "classes": {"MedusaCompleter": {"executed_lines": [20, 33, 55, 67], "summary": {"covered_lines": 4, "num_statements": 20, "percent_covered": 20.0, "percent_covered_display": "20", "missing_lines": 16, "excluded_lines": 0}, "missing_lines": [80, 81, 84, 85, 86, 87, 90, 91, 92, 100, 101, 102, 110, 111, 112, 113], "excluded_lines": []}, "CommandAliasManager": {"executed_lines": [128, 169, 170, 173, 174, 176, 177, 179, 189, 198, 199, 208, 220], "summary": {"covered_lines": 13, "num_statements": 13, "percent_covered": 100.0, "percent_covered_display": "100", "missing_lines": 0, "excluded_lines": 0}, "missing_lines": [], "excluded_lines": []}, "": {"executed_lines": [1, 6, 7, 8, 11, 12, 17, 69, 121, 122, 126, 158, 181, 191, 201, 210], "summary": {"covered_lines": 13, "num_statements": 13, "percent_covered": 100.0, "percent_covered_display": "100", "missing_lines": 0, "excluded_lines": 0}, "missing_lines": [], "excluded_lines": []}}}, "src/medusa/config.py": {"executed_lines": [1, 6, 7, 8, 9, 10, 11, 12, 13, 15, 18, 19, 21, 22, 23, 24, 27, 38, 39, 40, 41, 42, 43, 45, 47, 48, 49, 51, 53, 55, 57, 58, 62, 63, 65, 67, 69, 70, 72, 73, 75, 77, 79, 81, 83, 86, 89, 90, 93, 95, 96, 98, 100, 102, 103, 111, 113, 116, 117, 118, 119, 120, 121, 123, 125, 133, 169, 205, 206, 207, 208, 210, 213, 214, 215, 216, 217, 219, 226, 227, 229, 230, 232, 233, 234, 235, 236, 237, 238, 239, 242, 243, 245, 246, 247, 251, 256, 259, 260, 261, 263, 264, 265, 267, 268, 269, 297, 300, 303, 304, 305], "summary": {"covered_lines": 109, "num_statements": 159, "percent_covered": 68.55345911949685, "percent_covered_display": "69", "missing_lines": 50, "excluded_lines": 0}, "missing_lines": [78, 84, 135, 136, 137, 139, 140, 143, 144, 145, 146, 147, 148, 150, 151, 152, 153, 155, 156, 158, 159, 160, 161, 162, 163, 164, 165, 167, 171, 172, 178, 180, 181, 182, 183, 184, 189, 190, 191, 192, 198, 199, 200, 202, 271, 273, 274, 277, 279, 293], "excluded_lines": [], "functions": {"Config.__init__": {"executed_lines": [39, 40, 41, 42, 43], "summary": {"covered_lines": 5, "num_statements": 5, "percent_covered": 100.0, "percent_covered_display": "100", "missing_lines": 0, "excluded_lines": 0}, "missing_lines": [], "excluded_lines": []}, "Config.ensure_directories": {"executed_lines": [47, 48, 49], "summary": {"covered_lines": 3, "num_statements": 3, "percent_covered": 100.0, "percent_covered_display": "100", "missing_lines": 0, "excluded_lines": 0}, "missing_lines": [], "excluded_lines": []}, "Config.exists": {"executed_lines": [53], "summary": {"covered_lines": 1, "num_statements": 1, "percent_covered": 100.0, "percent_covered_display": "100", "missing_lines": 0, "excluded_lines": 0}, "missing_lines": [], "excluded_lines": []}, "Config.load": {"executed_lines": [57, 58, 62, 63, 65], "summary": {"covered_lines": 5, "num_statements": 5, "percent_covered": 100.0, "percent_covered_display": "100", "missing_lines": 0, "excluded_lines": 0}, "missing_lines": [], "excluded_lines": []}, "Config.save": {"executed_lines": [69, 70, 72, 73], "summary": {"covered_lines": 4, "num_statements": 4, "percent_covered": 100.0, "percent_covered_display": "100", "missing_lines": 0, "excluded_lines": 0}, "missing_lines": [], "excluded_lines": []}, "Config.get": {"executed_lines": [77, 79], "summary": {"covered_lines": 2, "num_statements": 3, "percent_covered": 66.66666666666667, "percent_covered_display": "67", "missing_lines": 1, "excluded_lines": 0}, "missing_lines": [78], "excluded_lines": []}, "Config.get_llm_config": {"executed_lines": [83, 86, 89, 90, 93, 95, 96, 98], "summary": {"covered_lines": 8, "num_statements": 9, "percent_covered": 88.88888888888889, "percent_covered_display": "89", "missing_lines": 1, "excluded_lines": 0}, "missing_lines": [84], "excluded_lines": []}, "Config.run_setup_wizard": {"executed_lines": [102, 103, 111, 113, 116, 117, 118, 119, 120, 121, 123, 125, 133, 169, 205, 206, 207, 208, 210, 213, 214, 215, 216, 217, 219, 226, 227, 229, 230, 232, 233, 234, 235, 236, 237, 238, 239, 242, 243, 245, 246, 247, 251, 256, 259, 260, 261, 263, 264, 265, 267, 268, 269], "summary": {"covered_lines": 53, "num_statements": 101, "percent_covered": 52.475247524752476, "percent_covered_display": "52", "missing_lines": 48, "excluded_lines": 0}, "missing_lines": [135, 136, 137, 139, 140, 143, 144, 145, 146, 147, 148, 150, 151, 152, 153, 155, 156, 158, 159, 160, 161, 162, 163, 164, 165, 167, 171, 172, 178, 180, 181, 182, 183, 184, 189, 190, 191, 192, 198, 199, 200, 202, 271, 273, 274, 277, 279, 293], "excluded_lines": []}, "get_config": {"executed_lines": [303, 304, 305], "summary": {"covered_lines": 3, "num_statements": 3, "percent_covered": 100.0, "percent_covered_display": "100", "missing_lines": 0, "excluded_lines": 0}, "missing_lines": [], "excluded_lines": []}, "": {"executed_lines": [1, 6, 7, 8, 9, 10, 11, 12, 13, 15, 18, 19, 21, 22, 23, 24, 27, 38, 45, 51, 55, 67, 75, 81, 100, 297, 300], "summary": {"covered_lines": 25, "num_statements": 25, "percent_covered": 100.0, "percent_covered_display": "100", "missing_lines": 0, "excluded_lines": 0}, "missing_lines": [], "excluded_lines": []}}, "classes": {"Config": {"executed_lines": [39, 40, 41, 42, 43, 47, 48, 49, 53, 57, 58, 62, 63, 65, 69, 70, 72, 73, 77, 79, 83, 86, 89, 90, 93, 95, 96, 98, 102, 103, 111, 113, 116, 117, 118, 119, 120, 121, 123, 125, 133, 169, 205, 206, 207, 208, 210, 213, 214, 215, 216, 217, 219, 226, 227, 229, 230, 232, 233, 234, 235, 236, 237, 238, 239, 242, 243, 245, 246, 247, 251, 256, 259, 260, 261, 263, 264, 265, 267, 268, 269], "summary": {"covered_lines": 81, "num_statements": 131, "percent_covered": 61.83206106870229, "percent_covered_display": "62", "missing_lines": 50, "excluded_lines": 0}, "missing_lines": [78, 84, 135, 136, 137, 139, 140, 143, 144, 145, 146, 147, 148, 150, 151, 152, 153, 155, 156, 158, 159, 160, 161, 162, 163, 164, 165, 167, 171, 172, 178, 180, 181, 182, 183, 184, 189, 190, 191, 192, 198, 199, 200, 202, 271, 273, 274, 277, 279, 293], "excluded_lines": []}, "": {"executed_lines": [1, 6, 7, 8, 9, 10, 11, 12, 13, 15, 18, 19, 21, 22, 23, 24, 27, 38, 45, 51, 55, 67, 75, 81, 100, 297, 300, 303, 304, 305], "summary": {"covered_lines": 28, "num_statements": 28, "percent_covered": 100.0, "percent_covered_display": "100", "missing_lines": 0, "excluded_lines": 0}, "missing_lines": [], "excluded_lines": []}}}, "src/medusa/core/__init__.py": {"executed_lines": [1, 6, 8], "summary": {"covered_lines": 2, "num_statements": 2, "percent_covered": 100.0, "percent_covered_display": "100", "missing_lines": 0, "excluded_lines": 0}, "missing_lines": [], "excluded_lines": [], "functions": {"": {"executed_lines": [1, 6, 8], "summary": {"covered_lines": 2, "num_statements": 2, "percent_covered": 100.0, "percent_covered_display": "100", "missing_lines": 0, "excluded_lines": 0}, "missing_lines": [], "excluded_lines": []}}, "classes": {"": {"executed_lines": [1, 6, 8], "summary": {"covered_lines": 2, "num_statements": 2, "percent_covered": 100.0, "percent_covered_display": "100", "missing_lines": 0, "excluded_lines": 0}, "missing_lines": [], "excluded_lines": []}}}, "src/medusa/core/llm/__init__.py": {"executed_lines": [1, 10, 11, 12, 13, 14, 23, 25], "summary": {"covered_lines": 7, "num_statements": 7, "percent_covered": 100.0, "percent_covered_display": "100", "missing_lines": 0, "excluded_lines": 0}, "missing_lines": [], "excluded_lines": [], "functions": {"": {"executed_lines": [1, 10, 11, 12, 13, 14, 23, 25], "summary": {"covered_lines": 7, "num_statements": 7, "percent_covered": 100.0, "percent_covered_display": "100", "missing_lines": 0, "excluded_lines": 0}, "missing_lines": [], "excluded_lines": []}}, "classes": {"": {"executed_lines": [1, 10, 11, 12, 13, 14, 23, 25], "summary": {"covered_lines": 7, "num_statements": 7, "percent_covered": 100.0, "percent_covered_display": "100", "missing_lines": 0, "excluded_lines": 0}, "missing_lines": [], "excluded_lines": []}}}, "src/medusa/core/llm/client.py": {"executed_lines": [1, 8, 9, 11, 12, 13, 16, 19, 20, 53, 61, 62, 63, 65, 70, 95, 96, 98, 99, 105, 113, 120, 126, 133, 134, 135, 137, 144, 145, 151, 161, 163, 164, 165, 166, 170, 172, 174, 176], "summary": {"covered_lines": 37, "num_statements": 46, "percent_covered": 80.43478260869566, "percent_covered_display": "80", "missing_lines": 9, "excluded_lines": 0}, "missing_lines": [122, 123, 124, 147, 153, 154, 155, 167, 168], "excluded_lines": [], "functions": {"LLMClient.__init__": {"executed_lines": [61, 62, 63, 65], "summary": {"covered_lines": 4, "num_statements": 4, "percent_covered": 100.0, "percent_covered_display": "100", "missing_lines": 0, "excluded_lines": 0}, "missing_lines": [], "excluded_lines": []}, "LLMClient.generate": {"executed_lines": [95, 96, 98, 99, 105, 113, 120], "summary": {"covered_lines": 7, "num_statements": 10, "percent_covered": 70.0, "percent_covered_display": "70", "missing_lines": 3, "excluded_lines": 0}, "missing_lines": [122, 123, 124], "excluded_lines": []}, "LLMClient.health_check": {"executed_lines": [133, 134, 135, 137, 144, 145, 151], "summary": {"covered_lines": 7, "num_statements": 11, "percent_covered": 63.63636363636363, "percent_covered_display": "64", "missing_lines": 4, "excluded_lines": 0}, "missing_lines": [147, 153, 154, 155], "excluded_lines": []}, "LLMClient.close": {"executed_lines": [163, 164, 165, 166], "summary": {"covered_lines": 4, "num_statements": 6, "percent_covered": 66.66666666666667, "percent_covered_display": "67", "missing_lines": 2, "excluded_lines": 0}, "missing_lines": [167, 168], "excluded_lines": []}, "LLMClient.__aenter__": {"executed_lines": [172], "summary": {"covered_lines": 1, "num_statements": 1, "percent_covered": 100.0, "percent_covered_display": "100", "missing_lines": 0, "excluded_lines": 0}, "missing_lines": [], "excluded_lines": []}, "LLMClient.__aexit__": {"executed_lines": [176], "summary": {"covered_lines": 1, "num_statements": 1, "percent_covered": 100.0, "percent_covered_display": "100", "missing_lines": 0, "excluded_lines": 0}, "missing_lines": [], "excluded_lines": []}, "": {"executed_lines": [1, 8, 9, 11, 12, 13, 16, 19, 20, 53, 70, 126, 161, 170, 174], "summary": {"covered_lines": 13, "num_statements": 13, "percent_covered": 100.0, "percent_covered_display": "100", "missing_lines": 0, "excluded_lines": 0}, "missing_lines": [], "excluded_lines": []}}, "classes": {"LLMClient": {"executed_lines": [61, 62, 63, 65, 95, 96, 98, 99, 105, 113, 120, 133, 134, 135, 137, 144, 145, 151, 163, 164, 165, 166, 172, 176], "summary": {"covered_lines": 24, "num_statements": 33, "percent_covered": 72.72727272727273, "percent_covered_display": "73", "missing_lines": 9, "excluded_lines": 0}, "missing_lines": [122, 123, 124, 147, 153, 154, 155, 167, 168], "excluded_lines": []}, "": {"executed_lines": [1, 8, 9, 11, 12, 13, 16, 19, 20, 53, 70, 126, 161, 170, 174], "summary": {"covered_lines": 13, "num_statements": 13, "percent_covered": 100.0, "percent_covered_display": "100", "missing_lines": 0, "excluded_lines": 0}, "missing_lines": [], "excluded_lines": []}}}, "src/medusa/core/llm/config.py": {"executed_lines": [1, 5, 6, 7, 10, 11, 12, 29, 34, 37, 42, 45, 48, 53, 56, 59, 64, 65, 68, 71, 72, 74, 77, 90, 91, 93, 94, 98, 100, 101, 104, 110, 116, 117], "summary": {"covered_lines": 32, "num_statements": 52, "percent_covered": 61.53846153846154, "percent_covered_display": "62", "missing_lines": 20, "excluded_lines": 0}, "missing_lines": [78, 79, 80, 81, 82, 83, 84, 85, 86, 87, 96, 102, 105, 106, 107, 108, 111, 112, 113, 114], "excluded_lines": [], "functions": {"LLMConfig.__post_init__": {"executed_lines": [77, 90, 91], "summary": {"covered_lines": 3, "num_statements": 13, "percent_covered": 23.076923076923077, "percent_covered_display": "23", "missing_lines": 10, "excluded_lines": 0}, "missing_lines": [78, 79, 80, 81, 82, 83, 84, 85, 86, 87], "excluded_lines": []}, "LLMConfig.from_env": {"executed_lines": [], "summary": {"covered_lines": 0, "num_statements": 1, "percent_covered": 0.0, "percent_covered_display": "0", "missing_lines": 1, "excluded_lines": 0}, "missing_lines": [96], "excluded_lines": []}, "LLMConfig.validate": {"executed_lines": [100, 101, 104, 110, 116, 117], "summary": {"covered_lines": 6, "num_statements": 15, "percent_covered": 40.0, "percent_covered_display": "40", "missing_lines": 9, "excluded_lines": 0}, "missing_lines": [102, 105, 106, 107, 108, 111, 112, 113, 114], "excluded_lines": []}, "": {"executed_lines": [1, 5, 6, 7, 10, 11, 12, 29, 34, 37, 42, 45, 48, 53, 56, 59, 64, 65, 68, 71, 72, 74, 93, 94, 98], "summary": {"covered_lines": 23, "num_statements": 23, "percent_covered": 100.0, "percent_covered_display": "100", "missing_lines": 0, "excluded_lines": 0}, "missing_lines": [], "excluded_lines": []}}, "classes": {"LLMConfig": {"executed_lines": [77, 90, 91, 100, 101, 104, 110, 116, 117], "summary": {"covered_lines": 9, "num_statements": 29, "percent_covered": 31.03448275862069, "percent_covered_display": "31", "missing_lines": 20, "excluded_lines": 0}, "missing_lines": [78, 79, 80, 81, 82, 83, 84, 85, 86, 87, 96, 102, 105, 106, 107, 108, 111, 112, 113, 114], "excluded_lines": []}, "": {"executed_lines": [1, 5, 6, 7, 10, 11, 12, 29, 34, 37, 42, 45, 48, 53, 56, 59, 64, 65, 68, 71, 72, 74, 93, 94, 98], "summary": {"covered_lines": 23, "num_statements": 23, "percent_covered": 100.0, "percent_covered_display": "100", "missing_lines": 0, "excluded_lines": 0}, "missing_lines": [], "excluded_lines": []}}}, "src/medusa/core/llm/exceptions.py": {"executed_lines": [1, 6, 7, 8, 11, 12, 13, 16, 17, 18, 21, 22, 23, 26, 27, 28], "summary": {"covered_lines": 10, "num_statements": 10, "percent_covered": 100.0, "percent_covered_display": "100", "missing_lines": 0, "excluded_lines": 0}, "missing_lines": [], "excluded_lines": [], "functions": {"": {"executed_lines": [1, 6, 7, 8, 11, 12, 13, 16, 17, 18, 21, 22, 23, 26, 27, 28], "summary": {"covered_lines": 10, "num_statements": 10, "percent_covered": 100.0, "percent_covered_display": "100", "missing_lines": 0, "excluded_lines": 0}, "missing_lines": [], "excluded_lines": []}}, "classes": {"LLMError": {"executed_lines": [], "summary": {"covered_lines": 0, "num_statements": 0, "percent_covered": 100.0, "percent_covered_display": "100", "missing_lines": 0, "excluded_lines": 0}, "missing_lines": [], "excluded_lines": []}, "LLMConnectionError": {"executed_lines": [], "summary": {"covered_lines": 0, "num_statements": 0, "percent_covered": 100.0, "percent_covered_display": "100", "missing_lines": 0, "excluded_lines": 0}, "missing_lines": [], "excluded_lines": []}, "LLMTimeoutError": {"executed_lines": [], "summary": {"covered_lines": 0, "num_statements": 0, "percent_covered": 100.0, "percent_covered_display": "100", "missing_lines": 0, "excluded_lines": 0}, "missing_lines": [], "excluded_lines": []}, "LLMConfigurationError": {"executed_lines": [], "summary": {"covere
[...]
348, 350, 351, 352, 354, 355, 356, 357, 367, 369, 370, 371, 372, 374], "excluded_lines": []}, "WebScanner._parse_whatweb_output": {"executed_lines": [], "summary": {"covered_lines": 0, "num_statements": 13, "percent_covered": 0.0, "percent_covered_display": "0", "missing_lines": 13, "excluded_lines": 0}, "missing_lines": [386, 389, 391, 392, 393, 396, 397, 398, 399, 401, 402, 403, 405], "excluded_lines": []}, "WebScanner._check_common_endpoints": {"executed_lines": [], "summary": {"covered_lines": 0, "num_statements": 15, "percent_covered": 0.0, "percent_covered_display": "0", "missing_lines": 15, "excluded_lines": 0}, "missing_lines": [417, 419, 432, 433, 434, 435, 437, 438, 444, 445, 454, 456, 458, 459, 461], "excluded_lines": []}, "WebScanner._assess_endpoint_severity": {"executed_lines": [], "summary": {"covered_lines": 0, "num_statements": 10, "percent_covered": 0.0, "percent_covered_display": "0", "missing_lines": 10, "excluded_lines": 0}, "missing_lines": [473, 474, 476, 478, 479, 480, 482, 483, 484, 486], "excluded_lines": []}, "WebScanner._format_findings_as_text": {"executed_lines": [], "summary": {"covered_lines": 0, "num_statements": 11, "percent_covered": 0.0, "percent_covered_display": "0", "missing_lines": 11, "excluded_lines": 0}, "missing_lines": [490, 491, 492, 493, 494, 495, 496, 497, 498, 499, 500], "excluded_lines": []}, "WebScanner.parse_output": {"executed_lines": [], "summary": {"covered_lines": 0, "num_statements": 1, "percent_covered": 0.0, "percent_covered_display": "0", "missing_lines": 1, "excluded_lines": 0}, "missing_lines": [504], "excluded_lines": []}, "": {"executed_lines": [1, 6, 7, 8, 9, 11, 12, 14, 15, 17, 20, 21, 32, 41, 42, 45, 127, 186, 260, 333, 338, 376, 407, 463, 488, 502], "summary": {"covered_lines": 24, "num_statements": 25, "percent_covered": 96.0, "percent_covered_display": "96", "missing_lines": 1, "excluded_lines": 0}, "missing_lines": [13], "excluded_lines": []}}, "classes": {"WebScanner": {"executed_lines": [39, 64, 65], "summary": {"covered_lines": 3, "num_statements": 152, "percent_covered": 1.9736842105263157, "percent_covered_display": "2", "missing_lines": 149, "excluded_lines": 0}, "missing_lines": [43, 73, 74, 77, 78, 80, 82, 83, 84, 87, 88, 89, 90, 91, 94, 95, 96, 97, 100, 102, 103, 104, 106, 108, 116, 117, 118, 119, 137, 139, 140, 141, 148, 149, 160, 161, 164, 165, 166, 167, 168, 169, 171, 172, 173, 181, 182, 184, 197, 200, 201, 202, 213, 214, 215, 226, 234, 235, 236, 247, 248, 249, 258, 271, 274, 275, 276, 277, 286, 296, 297, 298, 299, 301, 302, 312, 313, 318, 319, 320, 321, 329, 331, 335, 336, 348, 350, 351, 352, 354, 355, 356, 357, 367, 369, 370, 371, 372, 374, 386, 389, 391, 392, 393, 396, 397, 398, 399, 401, 402, 403, 405, 417, 419, 432, 433, 434, 435, 437, 438, 444, 445, 454, 456, 458, 459, 461, 473, 474, 476, 478, 479, 480, 482, 483, 484, 486, 490, 491, 492, 493, 494, 495, 496, 497, 498, 499, 500, 504], "excluded_lines": []}, "": {"executed_lines": [1, 6, 7, 8, 9, 11, 12, 14, 15, 17, 20, 21, 32, 41, 42, 45, 127, 186, 260, 333, 338, 376, 407, 463, 488, 502], "summary": {"covered_lines": 24, "num_statements": 25, "percent_covered": 96.0, "percent_covered_display": "96", "missing_lines": 1, "excluded_lines": 0}, "missing_lines": [13], "excluded_lines": []}}}, "src/medusa/world_model/__init__.py": {"executed_lines": [1, 6, 7, 18], "summary": {"covered_lines": 3, "num_statements": 3, "percent_covered": 100.0, "percent_covered_display": "100", "missing_lines": 0, "excluded_lines": 0}, "missing_lines": [], "excluded_lines": [], "functions": {"": {"executed_lines": [1, 6, 7, 18], "summary": {"covered_lines": 3, "num_statements": 3, "percent_covered": 100.0, "percent_covered_display": "100", "missing_lines": 0, "excluded_lines": 0}, "missing_lines": [], "excluded_lines": []}}, "classes": {"": {"executed_lines": [1, 6, 7, 18], "summary": {"covered_lines": 3, "num_statements": 3, "percent_covered": 100.0, "percent_covered_display": "100", "missing_lines": 0, "excluded_lines": 0}, "missing_lines": [], "excluded_lines": []}}}, "src/medusa/world_model/client.py": {"executed_lines": [1, 6, 7, 8, 9, 10, 11, 13, 24, 27, 28, 30, 48, 49, 50, 53, 56, 57, 58, 60, 61, 64, 74, 75, 77, 83, 85, 86, 87, 93, 94, 98, 101, 104, 105, 106, 108, 115, 135, 158, 160, 163, 168, 169, 171, 186, 202, 212, 231, 244, 266, 277, 283, 293, 322, 336, 365, 384, 419, 435, 469, 530, 555, 574, 589, 609, 613, 617], "summary": {"covered_lines": 65, "num_statements": 194, "percent_covered": 33.50515463917526, "percent_covered_display": "34", "missing_lines": 129, "excluded_lines": 0}, "missing_lines": [95, 96, 97, 99, 100, 102, 103, 110, 111, 112, 113, 128, 129, 131, 132, 133, 148, 149, 151, 152, 153, 155, 156, 161, 165, 178, 179, 180, 188, 194, 199, 200, 204, 205, 206, 216, 223, 228, 229, 233, 237, 238, 246, 255, 263, 264, 268, 273, 279, 280, 281, 285, 286, 287, 295, 307, 319, 320, 324, 329, 330, 338, 351, 362, 363, 367, 368, 372, 374, 375, 377, 378, 386, 387, 396, 398, 405, 407, 416, 417, 421, 422, 423, 425, 426, 428, 429, 439, 451, 462, 463, 476, 477, 492, 493, 494, 509, 511, 513, 527, 528, 534, 535, 537, 538, 539, 541, 542, 543, 545, 546, 548, 549, 557, 571, 572, 578, 584, 587, 591, 596, 597, 600, 604, 605, 607, 611, 615, 619], "excluded_lines": [], "functions": {"Neo4jClient.__init__": {"executed_lines": [48, 49, 50, 53, 56, 57, 58, 60, 61, 64], "summary": {"covered_lines": 10, "num_statements": 10, "percent_covered": 100.0, "percent_covered_display": "100", "missing_lines": 0, "excluded_lines": 0}, "missing_lines": [], "excluded_lines": []}, "Neo4jClient._is_docker_environment": {"executed_lines": [77], "summary": {"covered_lines": 1, "num_statements": 1, "percent_covered": 100.0, "percent_covered_display": "100", "missing_lines": 0, "excluded_lines": 0}, "missing_lines": [], "excluded_lines": []}, "Neo4jClient.connect": {"executed_lines": [85, 86, 87, 93, 94, 98, 101, 104, 105, 106], "summary": {"covered_lines": 10, "num_statements": 17, "percent_covered": 58.8235294117647, "percent_covered_display": "59", "missing_lines": 7, "excluded_lines": 0}, "missing_lines": [95, 96, 97, 99, 100, 102, 103], "excluded_lines": []}, "Neo4jClient.close": {"executed_lines": [], "summary": {"covered_lines": 0, "num_statements": 4, "percent_covered": 0.0, "percent_covered_display": "0", "missing_lines": 4, "excluded_lines": 0}, "missing_lines": [110, 111, 112, 113], "excluded_lines": []}, "Neo4jClient.execute_query": {"executed_lines": [], "summary": {"covered_lines": 0, "num_statements": 5, "percent_covered": 0.0, "percent_covered_display": "0", "missing_lines": 5, "excluded_lines": 0}, "missing_lines": [128, 129, 131, 132, 133], "excluded_lines": []}, "Neo4jClient.execute_write": {"executed_lines": [], "summary": {"covered_lines": 0, "num_statements": 5, "percent_covered": 0.0, "percent_covered_display": "0", "missing_lines": 5, "excluded_lines": 0}, "missing_lines": [148, 149, 151, 155, 156], "excluded_lines": []}, "Neo4jClient.execute_write._transaction_function": {"executed_lines": [], "summary": {"covered_lines": 0, "num_statements": 2, "percent_covered": 0.0, "percent_covered_display": "0", "missing_lines": 2, "excluded_lines": 0}, "missing_lines": [152, 153], "excluded_lines": []}, "Neo4jClient.__enter__": {"executed_lines": [160], "summary": {"covered_lines": 1, "num_statements": 2, "percent_covered": 50.0, "percent_covered_display": "50", "missing_lines": 1, "excluded_lines": 0}, "missing_lines": [161], "excluded_lines": []}, "Neo4jClient.__exit__": {"executed_lines": [], "summary": {"covered_lines": 0, "num_statements": 1, "percent_covered": 0.0, "percent_covered_display": "0", "missing_lines": 1, "excluded_lines": 0}, "missing_lines": [165], "excluded_lines": []}, "WorldModelClient.__init__": {"executed_lines": [], "summary": {"covered_lines": 0, "num_statements": 3, "percent_covered": 0.0, "percent_covered_display": "0", "missing_lines": 3, "excluded_lines": 0}, "missing_lines": [178, 179, 180], "excluded_lines": []}, "WorldModelClient.create_domain": {"executed_lines": [], "summary": {"covered_lines": 0, "num_statements": 4, "percent_covered": 0.0, "percent_covered_display": "0", "missing_lines": 4, "excluded_lines": 0}, "missing_lines": [188, 194, 199, 200], "excluded_lines": []}, "WorldModelClient.get_domain": {"executed_lines": [], "summary": {"covered_lines": 0, "num_statements": 3, "percent_covered": 0.0, "percent_covered_display": "0", "missing_lines": 3, "excluded_lines": 0}, "missing_lines": [204, 205, 206], "excluded_lines": []}, "WorldModelClient.create_subdomain": {"executed_lines": [], "summary": {"covered_lines": 0, "num_statements": 4, "percent_covered": 0.0, "percent_covered_display": "0", "missing_lines": 4, "excluded_lines": 0}, "missing_lines": [216, 223, 228, 229], "excluded_lines": []}, "WorldModelClient.get_subdomains": {"executed_lines": [], "summary": {"covered_lines": 0, "num_statements": 3, "percent_covered": 0.0, "percent_covered_display": "0", "missing_lines": 3, "excluded_lines": 0}, "missing_lines": [233, 237, 238], "excluded_lines": []}, "WorldModelClient.create_host": {"executed_lines": [], "summary": {"covered_lines": 0, "num_statements": 4, "percent_covered": 0.0, "percent_covered_display": "0", "missing_lines": 4, "excluded_lines": 0}, "missing_lines": [246, 255, 263, 264], "excluded_lines": []}, "WorldModelClient.link_subdomain_to_host": {"executed_lines": [], "summary": {"covered_lines": 0, "num_statements": 2, "percent_covered": 0.0, "percent_covered_display": "0", "missing_lines": 2, "excluded_lines": 0}, "missing_lines": [268, 273], "excluded_lines": []}, "WorldModelClient.get_host": {"executed_lines": [], "summary": {"covered_lines": 0, "num_statements": 3, "percent_covered": 0.0, "percent_covered_display": "0", "missing_lines": 3, "excluded_lines": 0}, "missing_lines": [279, 280, 281], "excluded_lines": []}, "WorldModelClient.get_all_hosts": {"executed_lines": [], "summary": {"covered_lines": 0, "num_statements": 3, "percent_covered": 0.0, "percent_covered_display": "0", "missing_lines": 3, "excluded_lines": 0}, "missing_lines": [285, 286, 287], "excluded_lines": []}, "WorldModelClient.create_port": {"executed_lines": [], "summary": {"covered_lines": 0, "num_statements": 4, "percent_covered": 0.0, "percent_covered_display": "0", "missing_lines": 4, "excluded_lines": 0}, "missing_lines": [295, 307, 319, 320], "excluded_lines": []}, "WorldModelClient.get_host_ports": {"executed_lines": [], "summary": {"covered_lines": 0, "num_statements": 3, "percent_covered": 0.0, "percent_covered_display": "0", "missing_lines": 3, "excluded_lines": 0}, "missing_lines": [324, 329, 330], "excluded_lines": []}, "WorldModelClient.create_webserver": {"executed_lines": [], "summary": {"covered_lines": 0, "num_statements": 4, "percent_covered": 0.0, "percent_covered_display": "0", "missing_lines": 4, "excluded_lines": 0}, "missing_lines": [338, 351, 362, 363], "excluded_lines": []}, "WorldModelClient.get_webservers": {"executed_lines": [], "summary": {"covered_lines": 0, "num_statements": 7, "percent_covered": 0.0, "percent_covered_display": "0", "missing_lines": 7, "excluded_lines": 0}, "missing_lines": [367, 368, 372, 374, 375, 377, 378], "excluded_lines": []}, "WorldModelClient.create_user": {"executed_lines": [], "summary": {"covered_lines": 0, "num_statements": 8, "percent_covered": 0.0, "percent_covered_display": "0", "missing_lines": 8, "excluded_lines": 0}, "missing_lines": [386, 387, 396, 398, 405, 407, 416, 417], "excluded_lines": []}, "WorldModelClient.get_users": {"executed_lines": [], "summary": {"covered_lines": 0, "num_statements": 7, "percent_covered": 0.0, "percent_covered_display": "0", "missing_lines": 7, "excluded_lines": 0}, "missing_lines": [421, 422, 423, 425, 426, 428, 429], "excluded_lines": []}, "WorldModelClient.create_credential": {"executed_lines": [], "summary": {"covered_lines": 0, "num_statements": 4, "percent_covered": 0.0, "percent_covered_display": "0", "missing_lines": 4, "excluded_lines": 0}, "missing_lines": [439, 451, 462, 463], "excluded_lines": []}, "WorldModelClient.create_vulnerability": {"executed_lines": [], "summary": {"covered_lines": 0, "num_statements": 10, "percent_covered": 0.0, "percent_covered_display": "0", "missing_lines": 10, "excluded_lines": 0}, "missing_lines": [476, 477, 492, 493, 494, 509, 511, 513, 527, 528], "excluded_lines": []}, "WorldModelClient.get_vulnerabilities": {"executed_lines": [], "summary": {"covered_lines": 0, "num_statements": 12, "percent_covered": 0.0, "percent_covered_display": "0", "missing_lines": 12, "excluded_lines": 0}, "missing_lines": [534, 535, 537, 538, 539, 541, 542, 543, 545, 546, 548, 549], "excluded_lines": []}, "WorldModelClient.get_attack_surface": {"executed_lines": [], "summary": {"covered_lines": 0, "num_statements": 3, "percent_covered": 0.0, "percent_covered_display": "0", "missing_lines": 3, "excluded_lines": 0}, "missing_lines": [557, 571, 572], "excluded_lines": []}, "WorldModelClient.find_attack_paths": {"executed_lines": [], "summary": {"covered_lines": 0, "num_statements": 3, "percent_covered": 0.0, "percent_covered_display": "0", "missing_lines": 3, "excluded_lines": 0}, "missing_lines": [578, 584, 587], "excluded_lines": []}, "WorldModelClient.get_graph_statistics": {"executed_lines": [], "summary": {"covered_lines": 0, "num_statements": 7, "percent_covered": 0.0, "percent_covered_display": "0", "missing_lines": 7, "excluded_lines": 0}, "missing_lines": [591, 596, 597, 600, 604, 605, 607], "excluded_lines": []}, "WorldModelClient.close": {"executed_lines": [], "summary": {"covered_lines": 0, "num_statements": 1, "percent_covered": 0.0, "percent_covered_display": "0", "missing_lines": 1, "excluded_lines": 0}, "missing_lines": [611], "excluded_lines": []}, "WorldModelClient.__enter__": {"executed_lines": [], "summary": {"covered_lines": 0, "num_statements": 1, "percent_covered": 0.0, "percent_covered_display": "0", "missing_lines": 1, "excluded_lines": 0}, "missing_lines": [615], "excluded_lines": []}, "WorldModelClient.__exit__": {"executed_lines": [], "summary": {"covered_lines": 0, "num_statements": 1, "percent_covered": 0.0, "percent_covered_display": "0", "missing_lines": 1, "excluded_lines": 0}, "missing_lines": [619], "excluded_lines": []}, "": {"executed_lines": [1, 6, 7, 8, 9, 10, 11, 13, 24, 27, 28, 30, 74, 75, 83, 108, 115, 135, 158, 163, 168, 169, 171, 186, 202, 212, 231, 244, 266, 277, 283, 293, 322, 336, 365, 384, 419, 435, 469, 530, 555, 574, 589, 609, 613, 617], "summary": {"covered_lines": 43, "num_statements": 43, "percent_covered": 100.0, "percent_covered_display": "100", "missing_lines": 0, "excluded_lines": 0}, "missing_lines": [], "excluded_lines": []}}, "classes": {"Neo4jClient": {"executed_lines": [48, 49, 50, 53, 56, 57, 58, 60, 61, 64, 77, 85, 86, 87, 93, 94, 98, 101, 104, 105, 106, 160], "summary": {"covered_lines": 22, "num_statements": 47, "percent_covered": 46.808510638297875, "percent_covered_display": "47", "missing_lines": 25, "excluded_lines": 0}, "missing_lines": [95, 96, 97, 99, 100, 102, 103, 110, 111, 112, 113, 128, 129, 131, 132, 133, 148, 149, 151, 152, 153, 155, 156, 161, 165], "excluded_lines": []}, "WorldModelClient": {"executed_lines": [], "summary": {"covered_lines": 0, "num_statements": 104, "percent_covered": 0.0, "percent_covered_display": "0", "missing_lines": 104, "excluded_lines": 0}, "missing_lines": [178, 179, 180, 188, 194, 199, 200, 204, 205, 206, 216, 223, 228, 229, 233, 237, 238, 246, 255, 263, 264, 268, 273, 279, 280, 281, 285, 286, 287, 295, 307, 319, 320, 324, 329, 330, 338, 351, 362, 363, 367, 368, 372, 374, 375, 377, 378, 386, 387, 396, 398, 405, 407, 416, 417, 421, 422, 423, 425, 426, 428, 429, 439, 451, 462, 463, 476, 477, 492, 493, 494, 509, 511, 513, 527, 528, 534, 535, 537, 538, 539, 541, 542, 543, 545, 546, 548, 549, 557, 571, 572, 578, 584, 587, 591, 596, 597, 600, 604, 605, 607, 611, 615, 619], "excluded_lines": []}, "": {"executed_lines": [1, 6, 7, 8, 9, 10, 11, 13, 24, 27, 28, 30, 74, 75, 83, 108, 115, 135, 158, 163, 168, 169, 171, 186, 202, 212, 231, 244, 266, 277, 283, 293, 322, 336, 365, 384, 419, 435, 469, 530, 555, 574, 589, 609, 613, 617], "summary": {"covered_lines": 43, "num_statements": 43, "percent_covered": 100.0, "percent_covered_display": "100", "missing_lines": 0, "excluded_lines": 0}, "missing_lines": [], "excluded_lines": []}}}, "src/medusa/world_model/models.py": {"executed_lines": [1, 6, 7, 8, 11, 12, 14, 15, 16, 19, 20, 22, 23, 26, 27, 29, 30, 31, 32, 35, 36, 39, 40, 42, 43, 44, 45, 46, 47, 48, 49, 50, 53, 54, 56, 57, 58, 59, 60, 63, 64, 65, 68, 69, 71, 72, 73, 74, 77, 80, 81, 83, 84, 85, 86, 87, 88, 89, 94, 95, 97, 98, 99, 100, 103, 104, 107, 110, 111, 112], "summary": {"covered_lines": 61, "num_statements": 61, "percent_covered": 100.0, "percent_covered_display": "100", "missing_lines": 0, "excluded_lines": 0}, "missing_lines": [], "excluded_lines": [], "functions": {"": {"executed_lines": [1, 6, 7, 8, 11, 12, 14, 15, 16, 19, 20, 22, 23, 26, 27, 29, 30, 31, 32, 35, 36, 39, 40, 42, 43, 44, 45, 46, 47, 48, 49, 50, 53, 54, 56, 57, 58, 59, 60, 63, 64, 65, 68, 69, 71, 72, 73, 74, 77, 80, 81, 83, 84, 85, 86, 87, 88, 89, 94, 95, 97, 98, 99, 100, 103, 104, 107, 110, 111, 112], "summary": {"covered_lines": 61, "num_statements": 61, "percent_covered": 100.0, "percent_covered_display": "100", "missing_lines": 0, "excluded_lines": 0}, "missing_lines": [], "excluded_lines": []}}, "classes": {"Domain": {"executed_lines": [], "summary": {"covered_lines": 0, "num_statements": 0, "percent_covered": 100.0, "percent_covered_display": "100", "missing_lines": 0, "excluded_lines": 0}, "missing_lines": [], "excluded_lines": []}, "Subdomain": {"executed_lines": [], "summary": {"covered_lines": 0, "num_statements": 0, "percent_covered": 100.0, "percent_covered_display": "100", "missing_lines": 0, "excluded_lines": 0}, "missing_lines": [], "excluded_lines": []}, "Host": {"executed_lines": [], "summary": {"covered_lines": 0, "num_statements": 0, "percent_covered": 100.0, "percent_covered_display": "100", "missing_lines": 0, "excluded_lines": 0}, "missing_lines": [], "excluded_lines": []}, "Port": {"executed_lines": [], "summary": {"covered_lines": 0, "num_statements": 0, "percent_covered": 100.0, "percent_covered_display": "100", "missing_lines": 0, "excluded_lines": 0}, "missing_lines": [], "excluded_lines": []}, "WebServer": {"executed_lines": [], "summary": {"covered_lines": 0, "num_statements": 0, "percent_covered": 100.0, "percent_covered_display": "100", "missing_lines": 0, "excluded_lines": 0}, "missing_lines": [], "excluded_lines": []}, "User": {"executed_lines": [], "summary": {"covered_lines": 0, "num_statements": 0, "percent_covered": 100.0, "percent_covered_display": "100", "missing_lines": 0, "excluded_lines": 0}, "missing_lines": [], "excluded_lines": []}, "Credential": {"executed_lines": [], "summary": {"covered_lines": 0, "num_statements": 0, "percent_covered": 100.0, "percent_covered_display": "100", "missing_lines": 0, "excluded_lines": 0}, "missing_lines": [], "excluded_lines": []}, "Vulnerability": {"executed_lines": [], "summary": {"covered_lines": 0, "num_statements": 0, "percent_covered": 100.0, "percent_covered_display": "100", "missing_lines": 0, "excluded_lines": 0}, "missing_lines": [], "excluded_lines": []}, "": {"executed_lines": [1, 6, 7, 8, 11, 12, 14, 15, 16, 19, 20, 22, 23, 26, 27, 29, 30, 31, 32, 35, 36, 39, 40, 42, 43, 44, 45, 46, 47, 48, 49, 50, 53, 54, 56, 57, 58, 59, 60, 63, 64, 65, 68, 69, 71, 72, 73, 74, 77, 80, 81, 83, 84, 85, 86, 87, 88, 89, 94, 95, 97, 98, 99, 100, 103, 104, 107, 110, 111, 112], "summary": {"covered_lines": 61, "num_statements": 61, "percent_covered": 100.0, "percent_covered_display": "100", "missing_lines": 0, "excluded_lines": 0}, "missing_lines": [], "excluded_lines": []}}}}, "totals": {"covered_lines": 2099, "num_statements": 5173, "percent_covered": 40.5760680456215, "percent_covered_display": "41", "missing_lines": 3074, "excluded_lines": 1}}